TN:
SF:src\components\ComplexComponents\AudioEditor\form.schema.tsx
FNF:0
FNH:0
DA:1,1
DA:2,1
DA:3,1
DA:5,1
DA:11,1
DA:39,1
LF:6
LH:6
BRF:0
BRH:0
end_of_record
TN:
SF:src\components\ComplexComponents\AudioEditor\index.tsx
FN:11,(anonymous_22)
FN:26,(anonymous_23)
FN:38,(anonymous_24)
FN:43,(anonymous_25)
FN:54,(anonymous_26)
FN:71,(anonymous_27)
FNF:6
FNH:1
FNDA:4,(anonymous_22)
FNDA:0,(anonymous_23)
FNDA:0,(anonymous_24)
FNDA:0,(anonymous_25)
FNDA:0,(anonymous_26)
FNDA:0,(anonymous_27)
DA:1,1
DA:2,1
DA:3,1
DA:7,1
DA:9,1
DA:11,1
DA:12,4
DA:13,4
DA:14,4
DA:19,3
DA:21,2
DA:22,2
DA:24,2
DA:26,2
DA:27,0
DA:28,0
DA:30,0
DA:38,2
DA:39,0
DA:40,0
DA:43,2
DA:44,0
DA:46,0
DA:54,2
DA:55,0
DA:56,0
DA:57,0
DA:58,0
DA:59,0
DA:61,0
DA:63,0
DA:71,2
DA:72,0
DA:80,2
DA:94,1
LF:35
LH:20
BRDA:19,0,0,1
BRDA:22,1,0,0
BRDA:32,2,0,0
BRDA:32,2,1,0
BRDA:39,3,0,0
BRDA:39,3,1,0
BRDA:57,4,0,0
BRDA:57,4,1,0
BRDA:58,5,0,0
BRDA:58,5,1,0
BRDA:61,6,0,0
BRF:11
BRH:1
end_of_record
TN:
SF:src\components\ComplexComponents\AudioEditor\styles.ts
FN:24,(anonymous_7)
FN:43,(anonymous_8)
FN:55,(anonymous_9)
FNF:3
FNH:0
FNDA:0,(anonymous_7)
FNDA:0,(anonymous_8)
FNDA:0,(anonymous_9)
DA:1,1
DA:2,1
DA:3,1
DA:5,1
DA:11,1
DA:15,1
DA:23,1
DA:24,0
DA:38,1
DA:42,1
DA:43,0
DA:54,1
DA:55,0
LF:13
LH:10
BRDA:5,0,0,1
BRDA:5,0,1,1
BRDA:11,1,0,1
BRDA:11,1,1,1
BRDA:15,2,0,1
BRDA:15,2,1,1
BRDA:23,3,0,1
BRDA:23,3,1,1
BRDA:24,4,0,0
BRDA:24,4,1,0
BRDA:38,5,0,1
BRDA:38,5,1,1
BRDA:42,6,0,1
BRDA:42,6,1,1
BRDA:43,7,0,0
BRDA:43,7,1,0
BRDA:54,8,0,1
BRDA:54,8,1,1
BRDA:55,9,0,0
BRDA:55,9,1,0
BRF:20
BRH:14
end_of_record
TN:
SF:src\components\ComplexComponents\AudioRecorder\index.tsx
FN:23,(anonymous_20)
FN:42,(anonymous_21)
FN:66,(anonymous_22)
FN:71,(anonymous_25)
FN:83,(anonymous_26)
FN:109,(anonymous_29)
FN:145,(anonymous_32)
FN:159,(anonymous_35)
FN:165,(anonymous_36)
FN:169,(anonymous_37)
FN:173,(anonymous_38)
FN:185,(anonymous_39)
FN:192,(anonymous_40)
FN:205,(anonymous_41)
FN:222,(anonymous_42)
FN:231,(anonymous_43)
FNF:16
FNH:3
FNDA:4,(anonymous_20)
FNDA:0,(anonymous_21)
FNDA:0,(anonymous_22)
FNDA:0,(anonymous_25)
FNDA:0,(anonymous_26)
FNDA:0,(anonymous_29)
FNDA:0,(anonymous_32)
FNDA:0,(anonymous_35)
FNDA:3,(anonymous_36)
FNDA:0,(anonymous_37)
FNDA:0,(anonymous_38)
FNDA:0,(anonymous_39)
FNDA:0,(anonymous_40)
FNDA:0,(anonymous_41)
FNDA:0,(anonymous_42)
FNDA:1,(anonymous_43)
DA:1,1
DA:2,1
DA:3,1
DA:4,1
DA:5,1
DA:7,1
DA:8,1
DA:9,1
DA:10,1
DA:12,1
DA:14,1
DA:15,1
DA:23,1
DA:24,4
DA:25,3
DA:26,3
DA:28,3
DA:29,3
DA:30,3
DA:32,3
DA:33,3
DA:34,3
DA:37,3
DA:39,3
DA:40,3
DA:42,3
DA:43,0
DA:44,0
DA:46,0
DA:47,0
DA:49,0
DA:50,0
DA:52,0
DA:53,0
DA:54,0
DA:56,0
DA:57,0
DA:59,0
DA:60,0
DA:62,0
DA:66,3
DA:68,0
DA:70,0
DA:71,0
DA:72,0
DA:73,0
DA:74,0
DA:77,0
DA:79,0
DA:83,3
DA:85,0
DA:88,0
DA:89,0
DA:90,0
DA:91,0
DA:95,0
DA:105,0
DA:109,3
DA:111,0
DA:114,0
DA:121,0
DA:122,0
DA:123,0
DA:124,0
DA:127,0
DA:134,0
DA:135,0
DA:137,0
DA:138,0
DA:140,0
DA:145,3
DA:146,0
DA:147,0
DA:148,0
DA:149,0
DA:151,0
DA:152,0
DA:156,0
DA:159,3
DA:160,0
DA:161,0
DA:162,0
DA:165,3
DA:166,3
DA:167,3
DA:169,0
DA:170,0
DA:173,0
DA:176,3
DA:185,0
DA:192,0
DA:205,0
DA:222,0
DA:231,1
DA:248,1
LF:95
LH:37
BRDA:59,0,0,0
BRDA:59,0,1,0
BRDA:72,1,0,0
BRDA:72,2,0,0
BRDA:72,2,1,0
BRDA:77,3,0,0
BRDA:88,4,0,0
BRDA:88,4,1,0
BRDA:90,5,0,0
BRDA:111,6,0,0
BRDA:111,7,0,0
BRDA:111,7,1,0
BRDA:111,8,0,0
BRDA:111,8,1,0
BRDA:146,9,0,0
BRDA:167,10,0,3
BRDA:235,11,0,3
BRDA:235,11,1,3
BRF:18
BRH:3
end_of_record
TN:
SF:src\components\ComplexComponents\AudioRecorder\styles.ts
FN:4,(anonymous_7)
FN:22,(anonymous_8)
FN:35,(anonymous_9)
FN:57,(anonymous_10)
FN:71,(anonymous_11)
FN:83,(anonymous_12)
FN:108,(anonymous_13)
FN:156,(anonymous_14)
FN:167,(anonymous_15)
FN:183,(anonymous_16)
FNF:10
FNH:5
FNDA:3,(anonymous_7)
FNDA:3,(anonymous_8)
FNDA:2,(anonymous_9)
FNDA:2,(anonymous_10)
FNDA:0,(anonymous_11)
FNDA:0,(anonymous_12)
FNDA:0,(anonymous_13)
FNDA:1,(anonymous_14)
FNDA:0,(anonymous_15)
FNDA:0,(anonymous_16)
DA:1,1
DA:3,1
DA:4,3
DA:21,1
DA:22,3
DA:34,1
DA:35,2
DA:56,1
DA:57,2
DA:70,1
DA:71,0
DA:82,1
DA:83,0
DA:107,1
DA:108,0
DA:119,1
DA:131,1
DA:143,1
DA:155,1
DA:156,1
DA:166,1
DA:167,0
DA:182,1
DA:183,0
LF:24
LH:19
BRDA:3,0,0,1
BRDA:3,0,1,1
BRDA:4,1,0,3
BRDA:4,1,1,1
BRDA:21,2,0,1
BRDA:21,2,1,1
BRDA:22,3,0,3
BRDA:22,3,1,1
BRDA:34,4,0,1
BRDA:34,4,1,1
BRDA:35,5,0,2
BRDA:35,5,1,1
BRDA:56,6,0,1
BRDA:56,6,1,1
BRDA:57,7,0,2
BRDA:57,7,1,1
BRDA:70,8,0,1
BRDA:70,8,1,1
BRDA:71,9,0,0
BRDA:71,9,1,0
BRDA:82,10,0,1
BRDA:82,10,1,1
BRDA:83,11,0,0
BRDA:83,11,1,0
BRDA:107,12,0,1
BRDA:107,12,1,1
BRDA:108,13,0,0
BRDA:108,13,1,0
BRDA:119,14,0,1
BRDA:119,14,1,1
BRDA:131,15,0,1
BRDA:131,15,1,1
BRDA:143,16,0,1
BRDA:143,16,1,1
BRDA:155,17,0,1
BRDA:155,17,1,1
BRDA:156,18,0,1
BRDA:156,18,1,1
BRDA:166,19,0,1
BRDA:166,19,1,1
BRDA:167,20,0,0
BRDA:167,20,1,0
BRDA:182,21,0,1
BRDA:182,21,1,1
BRDA:183,22,0,0
BRDA:183,22,1,0
BRF:46
BRH:36
end_of_record
TN:
SF:src\components\ComplexComponents\BoxInfo\form.schema.ts
FNF:0
FNH:0
DA:1,3
DA:3,3
DA:28,3
LF:3
LH:3
BRF:0
BRH:0
end_of_record
TN:
SF:src\components\ComplexComponents\BoxInfo\index.tsx
FN:50,(anonymous_9)
FN:70,(anonymous_10)
FN:108,(anonymous_11)
FN:115,(anonymous_12)
FN:124,(anonymous_13)
FN:136,(anonymous_14)
FN:141,(anonymous_15)
FN:145,(anonymous_16)
FN:153,(anonymous_17)
FN:167,(anonymous_18)
FN:187,(anonymous_19)
FN:189,(anonymous_20)
FN:326,(anonymous_21)
FN:347,(anonymous_22)
FNF:14
FNH:6
FNDA:0,(anonymous_9)
FNDA:17,(anonymous_10)
FNDA:0,(anonymous_11)
FNDA:0,(anonymous_12)
FNDA:0,(anonymous_13)
FNDA:0,(anonymous_14)
FNDA:1,(anonymous_15)
FNDA:0,(anonymous_16)
FNDA:5,(anonymous_17)
FNDA:110,(anonymous_18)
FNDA:0,(anonymous_19)
FNDA:0,(anonymous_20)
FNDA:4,(anonymous_21)
FNDA:3,(anonymous_22)
DA:1,3
DA:2,3
DA:3,3
DA:4,3
DA:5,3
DA:6,3
DA:7,3
DA:8,3
DA:10,3
DA:11,3
DA:12,3
DA:13,3
DA:14,3
DA:15,3
DA:17,3
DA:19,3
DA:20,3
DA:50,3
DA:51,0
DA:53,0
DA:70,3
DA:71,17
DA:72,14
DA:73,14
DA:74,14
DA:75,14
DA:76,14
DA:77,14
DA:78,14
DA:79,14
DA:80,14
DA:81,14
DA:82,14
DA:83,14
DA:84,14
DA:86,14
DA:87,14
DA:91,14
DA:92,14
DA:93,14
DA:94,14
DA:95,14
DA:97,14
DA:98,14
DA:99,14
DA:100,14
DA:102,14
DA:103,14
DA:104,0
DA:105,0
DA:108,14
DA:109,0
DA:115,14
DA:116,0
DA:117,0
DA:118,0
DA:119,0
DA:124,14
DA:125,0
DA:126,0
DA:128,0
DA:129,0
DA:130,0
DA:132,0
DA:136,14
DA:137,0
DA:138,0
DA:141,14
DA:142,1
DA:145,14
DA:146,0
DA:147,0
DA:150,14
DA:153,5
DA:167,110
DA:187,0
DA:189,0
DA:327,4
DA:347,3
DA:360,3
LF:80
LH:59
BRDA:94,0,0,14
BRDA:94,0,1,0
BRDA:103,1,0,0
BRDA:125,2,0,0
BRDA:125,2,1,0
BRDA:126,3,0,0
BRDA:128,4,0,0
BRDA:128,4,1,0
BRDA:128,5,0,0
BRDA:128,5,1,0
BRDA:153,6,0,5
BRDA:153,6,1,1
BRDA:155,7,0,14
BRDA:155,7,1,0
BRDA:163,8,0,11
BRDA:163,8,1,3
BRDA:175,9,0,14
BRDA:175,9,1,13
BRDA:184,10,0,14
BRDA:184,10,1,1
BRDA:189,11,0,0
BRDA:189,11,1,0
BRDA:196,12,0,0
BRDA:196,12,1,14
BRDA:207,13,0,0
BRDA:207,13,1,0
BRDA:207,13,2,0
BRDA:207,13,3,0
BRDA:218,14,0,0
BRDA:218,14,1,0
BRDA:248,15,0,14
BRDA:248,15,1,5
BRDA:271,16,0,2
BRDA:271,16,1,12
BRDA:284,17,0,14
BRDA:284,17,1,5
BRDA:299,18,0,14
BRDA:299,18,1,1
BRDA:311,19,0,0
BRDA:311,19,1,14
BRDA:311,20,0,14
BRDA:311,20,1,0
BRDA:311,20,2,0
BRDA:317,21,0,14
BRDA:317,21,1,13
BRDA:326,22,0,9
BRDA:326,22,1,4
BRDA:326,23,0,13
BRDA:326,23,1,13
BRF:49
BRH:27
end_of_record
TN:
SF:src\components\ComplexComponents\BoxInfo\mock.ts
FNF:0
FNH:0
DA:1,0
DA:12,0
LF:2
LH:0
BRF:0
BRH:0
end_of_record
TN:
SF:src\components\ComplexComponents\BoxInfo\styles.ts
FN:7,(anonymous_8)
FN:36,(anonymous_9)
FN:56,(anonymous_10)
FN:85,(anonymous_11)
FN:102,(anonymous_12)
FN:158,(anonymous_13)
FN:174,(anonymous_14)
FN:204,(anonymous_15)
FN:249,(anonymous_16)
FN:268,(anonymous_17)
FN:276,(anonymous_18)
FN:297,(anonymous_19)
FN:318,(anonymous_20)
FN:358,(anonymous_21)
FN:363,(anonymous_22)
FN:371,(anonymous_23)
FN:406,(anonymous_24)
FN:473,(anonymous_25)
FN:492,(anonymous_26)
FN:513,(anonymous_27)
FNF:20
FNH:16
FNDA:14,(anonymous_8)
FNDA:14,(anonymous_9)
FNDA:14,(anonymous_10)
FNDA:13,(anonymous_11)
FNDA:14,(anonymous_12)
FNDA:0,(anonymous_13)
FNDA:14,(anonymous_14)
FNDA:0,(anonymous_15)
FNDA:27,(anonymous_16)
FNDA:0,(anonymous_17)
FNDA:14,(anonymous_18)
FNDA:14,(anonymous_19)
FNDA:0,(anonymous_20)
FNDA:2,(anonymous_21)
FNDA:11,(anonymous_22)
FNDA:13,(anonymous_23)
FNDA:13,(anonymous_24)
FNDA:14,(anonymous_25)
FNDA:1,(anonymous_26)
FNDA:1,(anonymous_27)
DA:1,4
DA:2,4
DA:3,4
DA:4,4
DA:6,4
DA:7,14
DA:35,4
DA:36,14
DA:55,4
DA:56,14
DA:78,4
DA:84,4
DA:85,13
DA:101,4
DA:102,14
DA:135,4
DA:142,4
DA:150,4
DA:157,4
DA:158,0
DA:173,4
DA:174,14
DA:186,4
DA:191,4
DA:203,4
DA:204,0
DA:248,4
DA:249,27
DA:267,4
DA:268,0
DA:275,4
DA:276,14
DA:296,4
DA:297,14
DA:317,4
DA:318,0
DA:357,4
DA:358,2
DA:363,11
DA:370,4
DA:371,13
DA:405,4
DA:406,13
DA:468,4
DA:472,4
DA:473,14
DA:491,4
DA:492,1
DA:512,4
DA:513,1
LF:50
LH:46
BRDA:6,0,0,4
BRDA:6,0,1,4
BRDA:7,1,0,14
BRDA:7,1,1,3
BRDA:14,2,0,14
BRDA:14,2,1,3
BRDA:24,3,0,14
BRDA:24,3,1,3
BRDA:35,4,0,4
BRDA:35,4,1,4
BRDA:36,5,0,14
BRDA:36,5,1,3
BRDA:43,6,0,14
BRDA:43,6,1,3
BRDA:49,7,0,14
BRDA:49,7,1,3
BRDA:55,8,0,4
BRDA:55,8,1,4
BRDA:56,9,0,14
BRDA:56,9,1,3
BRDA:60,10,0,14
BRDA:60,10,1,3
BRDA:70,11,0,14
BRDA:70,11,1,3
BRDA:78,12,0,4
BRDA:78,12,1,4
BRDA:84,13,0,4
BRDA:84,13,1,4
BRDA:85,14,0,13
BRDA:85,14,1,3
BRDA:101,15,0,4
BRDA:101,15,1,4
BRDA:102,16,0,14
BRDA:102,16,1,3
BRDA:125,17,0,14
BRDA:125,17,1,3
BRDA:129,18,0,14
BRDA:129,18,1,3
BRDA:135,19,0,4
BRDA:135,19,1,4
BRDA:142,20,0,4
BRDA:142,20,1,4
BRDA:150,21,0,4
BRDA:150,21,1,4
BRDA:157,22,0,4
BRDA:157,22,1,4
BRDA:158,23,0,0
BRDA:158,23,1,0
BRDA:173,24,0,4
BRDA:173,24,1,4
BRDA:174,25,0,14
BRDA:174,25,1,3
BRDA:180,26,0,14
BRDA:180,26,1,3
BRDA:186,27,0,4
BRDA:186,27,1,4
BRDA:191,28,0,4
BRDA:191,28,1,4
BRDA:192,29,0,4
BRDA:192,29,1,4
BRDA:203,30,0,4
BRDA:203,30,1,4
BRDA:204,31,0,0
BRDA:204,31,1,0
BRDA:205,32,0,0
BRDA:205,32,1,0
BRDA:236,33,0,0
BRDA:236,33,1,0
BRDA:241,34,0,0
BRDA:241,34,1,0
BRDA:248,35,0,4
BRDA:248,35,1,4
BRDA:249,36,0,27
BRDA:249,36,1,4
BRDA:255,37,0,27
BRDA:255,37,1,4
BRDA:267,38,0,4
BRDA:267,38,1,4
BRDA:268,39,0,0
BRDA:268,39,1,0
BRDA:275,40,0,4
BRDA:275,40,1,4
BRDA:276,41,0,14
BRDA:276,41,1,3
BRDA:281,42,0,14
BRDA:281,42,1,3
BRDA:287,43,0,14
BRDA:287,43,1,3
BRDA:296,44,0,4
BRDA:296,44,1,4
BRDA:297,45,0,14
BRDA:297,45,1,3
BRDA:311,46,0,14
BRDA:311,46,1,3
BRDA:317,47,0,4
BRDA:317,47,1,4
BRDA:318,48,0,0
BRDA:318,48,1,0
BRDA:328,49,0,0
BRDA:328,49,1,0
BRDA:338,50,0,0
BRDA:338,50,1,0
BRDA:343,51,0,0
BRDA:343,51,1,0
BRDA:358,52,0,2
BRDA:358,52,1,1
BRDA:363,53,0,11
BRDA:363,53,1,3
BRDA:370,54,0,4
BRDA:370,54,1,4
BRDA:371,55,0,13
BRDA:371,55,1,3
BRDA:386,56,0,13
BRDA:386,56,1,3
BRDA:391,57,0,13
BRDA:391,57,1,3
BRDA:397,58,0,13
BRDA:397,58,1,3
BRDA:405,59,0,4
BRDA:405,59,1,4
BRDA:406,60,0,13
BRDA:406,60,1,3
BRDA:410,61,0,13
BRDA:410,61,1,2
BRDA:411,62,0,13
BRDA:411,62,1,11
BRDA:454,63,0,13
BRDA:454,63,1,3
BRDA:458,64,0,13
BRDA:458,64,1,3
BRDA:462,65,0,13
BRDA:462,65,1,3
BRDA:468,66,0,4
BRDA:468,66,1,4
BRDA:472,67,0,4
BRDA:472,67,1,4
BRDA:473,68,0,14
BRDA:473,68,1,3
BRDA:479,69,0,14
BRDA:479,69,1,3
BRDA:484,70,0,14
BRDA:484,70,1,3
BRDA:491,71,0,4
BRDA:491,71,1,4
BRDA:492,72,0,1
BRDA:492,72,1,1
BRDA:512,73,0,4
BRDA:512,73,1,4
BRDA:513,74,0,1
BRDA:513,74,1,1
BRF:150
BRH:130
end_of_record
TN:
SF:src\components\ComplexComponents\BoxInfo\BoxInfoLesson\index.tsx
FN:20,(anonymous_4)
FNF:1
FNH:1
FNDA:4,(anonymous_4)
DA:1,1
DA:2,1
DA:3,1
DA:5,1
DA:6,1
DA:8,1
DA:20,1
DA:21,4
DA:22,3
DA:23,3
DA:24,3
DA:25,3
DA:26,3
DA:27,3
DA:28,3
DA:30,3
DA:31,3
DA:32,3
DA:34,3
DA:72,1
LF:20
LH:20
BRF:0
BRH:0
end_of_record
TN:
SF:src\components\ComplexComponents\BoxInfo\BoxInfoTeam\index.tsx
FN:29,(anonymous_4)
FN:44,(anonymous_5)
FN:134,(anonymous_6)
FNF:3
FNH:2
FNDA:3,(anonymous_4)
FNDA:2,(anonymous_5)
FNDA:0,(anonymous_6)
DA:1,1
DA:2,1
DA:4,1
DA:5,1
DA:6,1
DA:7,1
DA:9,1
DA:10,1
DA:11,1
DA:13,1
DA:14,1
DA:15,1
DA:16,1
DA:17,1
DA:29,1
DA:30,3
DA:31,2
DA:32,2
DA:33,2
DA:34,2
DA:35,2
DA:36,2
DA:37,2
DA:39,2
DA:40,2
DA:41,2
DA:42,2
DA:44,2
DA:45,2
DA:46,0
DA:57,2
DA:58,0
DA:69,2
DA:70,0
DA:81,2
DA:82,0
DA:93,2
DA:95,0
DA:102,2
DA:109,0
DA:116,0
DA:123,0
DA:127,2
DA:134,0
DA:167,1
LF:45
LH:36
BRDA:45,0,0,0
BRDA:45,1,0,2
BRDA:45,1,1,0
BRDA:57,2,0,0
BRDA:57,3,0,2
BRDA:57,3,1,0
BRDA:69,4,0,0
BRDA:69,5,0,2
BRDA:69,5,1,0
BRDA:81,6,0,0
BRDA:81,7,0,2
BRDA:81,7,1,0
BRDA:93,8,0,0
BRDA:93,8,1,2
BRDA:93,8,2,0
BRDA:93,8,3,0
BRDA:93,8,4,0
BRDA:140,9,0,0
BRDA:140,9,1,2
BRDA:155,10,0,2
BRDA:155,10,1,0
BRF:21
BRH:7
end_of_record
TN:
SF:src\components\ComplexComponents\BoxInfo\OwnerData\index.tsx
FN:18,(anonymous_7)
FN:48,(anonymous_8)
FNF:2
FNH:1
FNDA:14,(anonymous_7)
FNDA:0,(anonymous_8)
DA:1,3
DA:3,3
DA:4,3
DA:5,3
DA:6,3
DA:7,3
DA:8,3
DA:18,3
DA:19,14
DA:20,13
DA:21,13
DA:22,13
DA:24,13
DA:25,13
DA:27,13
DA:49,0
DA:50,0
DA:63,3
LF:18
LH:16
BRDA:31,0,0,13
BRDA:31,0,1,12
BRDA:31,0,2,12
BRDA:31,0,3,12
BRF:4
BRH:4
end_of_record
TN:
SF:src\components\ComplexComponents\CardListStudents\index.tsx
FN:27,(anonymous_20)
FN:27,(anonymous_21)
FN:31,(anonymous_23)
FN:45,(anonymous_24)
FN:51,(anonymous_25)
FN:52,(anonymous_26)
FN:100,(anonymous_29)
FN:107,(anonymous_30)
FNF:8
FNH:8
FNDA:1,(anonymous_20)
FNDA:1,(anonymous_21)
FNDA:12,(anonymous_23)
FNDA:2,(anonymous_24)
FNDA:7,(anonymous_25)
FNDA:14,(anonymous_26)
FNDA:3,(anonymous_29)
FNDA:1,(anonymous_30)
DA:1,1
DA:2,1
DA:3,1
DA:5,1
DA:6,1
DA:7,1
DA:9,1
DA:25,1
DA:27,1
DA:28,1
DA:31,1
DA:32,12
DA:33,11
DA:34,11
DA:35,11
DA:36,11
DA:37,11
DA:38,11
DA:40,11
DA:41,11
DA:43,11
DA:45,11
DA:46,2
DA:47,2
DA:48,1
DA:51,11
DA:52,7
DA:53,13
DA:54,1
DA:58,1
DA:60,1
DA:61,1
DA:64,6
DA:69,11
DA:100,3
DA:107,1
DA:117,1
LF:37
LH:37
BRDA:28,0,0,1
BRDA:28,0,1,1
BRDA:33,1,0,0
BRDA:33,1,1,11
BRDA:47,2,0,1
BRDA:47,2,1,1
BRDA:47,3,0,1
BRDA:47,3,1,1
BRDA:53,4,0,6
BRDA:58,5,0,0
BRDA:58,5,1,1
BRDA:60,6,0,1
BRDA:60,6,1,0
BRDA:73,7,0,10
BRDA:73,7,1,1
BRDA:95,8,0,6
BRDA:95,8,1,5
BRF:17
BRH:14
end_of_record
TN:
SF:src\components\ComplexComponents\CardListStudents\styles.ts
FN:4,(anonymous_7)
FN:19,(anonymous_8)
FN:36,(anonymous_9)
FN:63,(anonymous_10)
FN:74,(anonymous_11)
FN:89,(anonymous_12)
FN:108,(anonymous_13)
FN:121,(anonymous_14)
FN:134,(anonymous_15)
FNF:9
FNH:9
FNDA:11,(anonymous_7)
FNDA:11,(anonymous_8)
FNDA:11,(anonymous_9)
FNDA:11,(anonymous_10)
FNDA:11,(anonymous_11)
FNDA:5,(anonymous_12)
FNDA:5,(anonymous_13)
FNDA:5,(anonymous_14)
FNDA:5,(anonymous_15)
DA:1,1
DA:3,1
DA:4,11
DA:12,1
DA:18,1
DA:19,11
DA:35,1
DA:36,11
DA:50,1
DA:62,1
DA:63,11
DA:73,1
DA:74,11
DA:88,1
DA:89,5
DA:107,1
DA:108,5
DA:120,1
DA:121,5
DA:133,1
DA:134,5
LF:21
LH:21
BRDA:3,0,0,1
BRDA:3,0,1,1
BRDA:4,1,0,11
BRDA:4,1,1,1
BRDA:12,2,0,1
BRDA:12,2,1,1
BRDA:18,3,0,1
BRDA:18,3,1,1
BRDA:19,4,0,11
BRDA:19,4,1,1
BRDA:35,5,0,1
BRDA:35,5,1,1
BRDA:36,6,0,11
BRDA:36,6,1,1
BRDA:50,7,0,1
BRDA:50,7,1,1
BRDA:62,8,0,1
BRDA:62,8,1,1
BRDA:63,9,0,11
BRDA:63,9,1,1
BRDA:73,10,0,1
BRDA:73,10,1,1
BRDA:74,11,0,11
BRDA:74,11,1,1
BRDA:88,12,0,1
BRDA:88,12,1,1
BRDA:89,13,0,5
BRDA:89,13,1,1
BRDA:98,14,0,2
BRDA:98,14,1,3
BRDA:101,15,0,2
BRDA:101,15,1,3
BRDA:102,16,0,2
BRDA:102,16,1,3
BRDA:107,17,0,1
BRDA:107,17,1,1
BRDA:108,18,0,5
BRDA:108,18,1,1
BRDA:120,19,0,1
BRDA:120,19,1,1
BRDA:121,20,0,5
BRDA:121,20,1,1
BRDA:133,21,0,1
BRDA:133,21,1,1
BRDA:134,22,0,5
BRDA:134,22,1,1
BRF:46
BRH:46
end_of_record
TN:
SF:src\components\ComplexComponents\ChooseMedia\index.tsx
FN:23,(anonymous_20)
FN:33,(anonymous_21)
FN:42,(anonymous_22)
FN:47,(anonymous_23)
FN:57,(anonymous_26)
FN:93,(anonymous_27)
FN:103,(anonymous_28)
FN:116,(anonymous_29)
FNF:8
FNH:0
FNDA:0,(anonymous_20)
FNDA:0,(anonymous_21)
FNDA:0,(anonymous_22)
FNDA:0,(anonymous_23)
FNDA:0,(anonymous_26)
FNDA:0,(anonymous_27)
FNDA:0,(anonymous_28)
FNDA:0,(anonymous_29)
DA:1,0
DA:2,0
DA:3,0
DA:4,0
DA:5,0
DA:7,0
DA:14,0
DA:15,0
DA:17,0
DA:19,0
DA:21,0
DA:23,0
DA:24,0
DA:26,0
DA:27,0
DA:28,0
DA:29,0
DA:30,0
DA:32,0
DA:33,0
DA:35,0
DA:39,0
DA:40,0
DA:42,0
DA:43,0
DA:44,0
DA:47,0
DA:48,0
DA:49,0
DA:51,0
DA:52,0
DA:54,0
DA:57,0
DA:64,0
DA:66,0
DA:85,0
DA:94,0
DA:104,0
DA:105,0
DA:117,0
DA:118,0
DA:150,0
LF:42
LH:0
BRDA:36,0,0,0
BRDA:36,0,1,0
BRDA:43,1,0,0
BRDA:43,1,1,0
BRDA:48,2,0,0
BRDA:49,3,0,0
BRDA:52,4,0,0
BRDA:57,5,0,0
BRDA:57,5,1,0
BRDA:57,6,0,0
BRDA:57,6,1,0
BRDA:104,7,0,0
BRDA:117,8,0,0
BRF:13
BRH:0
end_of_record
TN:
SF:src\components\ComplexComponents\ChooseMedia\mediaTypes.tsx
FN:23,(anonymous_0)
FN:66,(anonymous_1)
FNF:2
FNH:0
FNDA:0,(anonymous_0)
FNDA:0,(anonymous_1)
DA:1,1
DA:2,1
DA:3,1
DA:4,1
DA:5,1
DA:6,1
DA:23,1
DA:26,0
DA:66,1
DA:69,0
DA:116,1
LF:11
LH:9
BRF:0
BRH:0
end_of_record
TN:
SF:src\components\ComplexComponents\ChooseMedia\styles.ts
FN:5,(anonymous_8)
FN:11,(anonymous_9)
FN:26,(anonymous_10)
FN:46,(anonymous_11)
FN:59,(anonymous_12)
FN:85,(anonymous_13)
FN:117,(anonymous_14)
FN:150,(anonymous_15)
FN:172,(anonymous_16)
FN:187,(anonymous_17)
FNF:10
FNH:0
FNDA:0,(anonymous_8)
FNDA:0,(anonymous_9)
FNDA:0,(anonymous_10)
FNDA:0,(anonymous_11)
FNDA:0,(anonymous_12)
FNDA:0,(anonymous_13)
FNDA:0,(anonymous_14)
FNDA:0,(anonymous_15)
FNDA:0,(anonymous_16)
FNDA:0,(anonymous_17)
DA:1,0
DA:2,0
DA:4,0
DA:5,0
DA:10,0
DA:11,0
DA:25,0
DA:26,0
DA:45,0
DA:46,0
DA:58,0
DA:59,0
DA:84,0
DA:85,0
DA:116,0
DA:117,0
DA:128,0
DA:140,0
DA:149,0
DA:150,0
DA:171,0
DA:172,0
DA:186,0
DA:187,0
LF:24
LH:0
BRDA:4,0,0,0
BRDA:4,0,1,0
BRDA:5,1,0,0
BRDA:5,1,1,0
BRDA:10,2,0,0
BRDA:10,2,1,0
BRDA:11,3,0,0
BRDA:11,3,1,0
BRDA:15,4,0,0
BRDA:15,4,1,0
BRDA:25,5,0,0
BRDA:25,5,1,0
BRDA:26,6,0,0
BRDA:26,6,1,0
BRDA:33,7,0,0
BRDA:33,7,1,0
BRDA:46,8,0,0
BRDA:46,8,1,0
BRDA:58,9,0,0
BRDA:58,9,1,0
BRDA:59,10,0,0
BRDA:59,10,1,0
BRDA:63,11,0,0
BRDA:63,11,1,0
BRDA:71,12,0,0
BRDA:71,12,1,0
BRDA:76,13,0,0
BRDA:76,13,1,0
BRDA:79,14,0,0
BRDA:79,14,1,0
BRDA:84,15,0,0
BRDA:84,15,1,0
BRDA:85,16,0,0
BRDA:85,16,1,0
BRDA:116,17,0,0
BRDA:116,17,1,0
BRDA:117,18,0,0
BRDA:117,18,1,0
BRDA:128,19,0,0
BRDA:128,19,1,0
BRDA:140,20,0,0
BRDA:140,20,1,0
BRDA:144,21,0,0
BRDA:144,21,1,0
BRDA:149,22,0,0
BRDA:149,22,1,0
BRDA:150,23,0,0
BRDA:150,23,1,0
BRDA:165,24,0,0
BRDA:165,24,1,0
BRDA:171,25,0,0
BRDA:171,25,1,0
BRDA:172,26,0,0
BRDA:172,26,1,0
BRDA:175,27,0,0
BRDA:175,27,1,0
BRDA:186,28,0,0
BRDA:186,28,1,0
BRDA:187,29,0,0
BRDA:187,29,1,0
BRDA:191,30,0,0
BRDA:191,30,1,0
BRF:62
BRH:0
end_of_record
TN:
SF:src\components\ComplexComponents\Content\index.tsx
FN:38,(anonymous_23)
FN:57,(anonymous_24)
FN:79,(anonymous_25)
FN:82,(anonymous_26)
FN:89,(anonymous_27)
FN:89,(anonymous_28)
FN:108,(anonymous_30)
FN:138,(anonymous_31)
FN:166,(anonymous_32)
FN:183,(anonymous_33)
FNF:10
FNH:7
FNDA:15,(anonymous_23)
FNDA:18,(anonymous_24)
FNDA:1,(anonymous_25)
FNDA:1,(anonymous_26)
FNDA:0,(anonymous_27)
FNDA:0,(anonymous_28)
FNDA:13,(anonymous_30)
FNDA:1,(anonymous_31)
FNDA:0,(anonymous_32)
FNDA:1,(anonymous_33)
DA:1,3
DA:2,3
DA:4,3
DA:5,3
DA:6,3
DA:8,3
DA:9,3
DA:10,3
DA:11,3
DA:12,3
DA:13,3
DA:14,3
DA:15,3
DA:16,3
DA:17,3
DA:18,3
DA:19,3
DA:21,3
DA:23,3
DA:25,3
DA:36,3
DA:38,3
DA:39,15
DA:41,10
DA:43,4
DA:45,0
DA:47,1
DA:49,0
DA:51,0
DA:53,0
DA:57,3
DA:59,18
DA:60,15
DA:61,15
DA:62,15
DA:63,15
DA:64,15
DA:65,15
DA:69,15
DA:70,15
DA:71,15
DA:72,15
DA:75,15
DA:76,15
DA:77,15
DA:79,15
DA:80,1
DA:81,1
DA:82,1
DA:83,1
DA:86,1
DA:89,15
DA:90,0
DA:91,0
DA:93,0
DA:99,0
DA:108,15
DA:109,13
DA:112,15
DA:138,1
DA:167,0
DA:168,0
DA:184,1
DA:185,1
DA:199,3
LF:65
LH:55
BRDA:39,0,0,10
BRDA:39,0,1,4
BRDA:39,0,2,0
BRDA:39,0,3,1
BRDA:39,0,4,0
BRDA:39,0,5,0
BRDA:39,0,6,0
BRDA:73,1,0,15
BRDA:73,1,1,0
BRDA:73,2,0,15
BRDA:73,2,1,15
BRDA:81,3,0,0
BRDA:86,4,0,0
BRDA:86,4,1,1
BRDA:86,5,0,1
BRDA:86,5,1,1
BRDA:96,6,0,0
BRDA:96,6,1,0
BRDA:109,7,0,13
BRDA:109,7,1,0
BRDA:109,8,0,13
BRDA:109,8,1,13
BRDA:128,9,0,15
BRDA:128,9,1,13
BRDA:133,10,0,15
BRDA:133,10,1,14
BRDA:133,10,2,2
BRDA:141,11,0,15
BRDA:141,11,1,14
BRDA:141,11,2,12
BRDA:149,12,0,15
BRDA:149,12,1,14
BRDA:149,12,2,2
BRDA:162,13,0,15
BRDA:162,13,1,9
BRDA:173,14,0,5
BRDA:173,14,1,4
BRDA:185,15,0,0
BRDA:185,15,1,1
BRDA:185,16,0,1
BRDA:185,16,1,1
BRF:41
BRH:30
end_of_record
TN:
SF:src\components\ComplexComponents\Content\styles.ts
FN:10,(anonymous_7)
FN:40,(anonymous_8)
FN:80,(anonymous_9)
FN:100,(anonymous_10)
FN:144,(anonymous_11)
FN:186,(anonymous_12)
FN:200,(anonymous_13)
FN:235,(anonymous_14)
FN:270,(anonymous_15)
FN:329,(anonymous_16)
FNF:10
FNH:8
FNDA:15,(anonymous_7)
FNDA:15,(anonymous_8)
FNDA:9,(anonymous_9)
FNDA:9,(anonymous_10)
FNDA:9,(anonymous_11)
FNDA:9,(anonymous_12)
FNDA:0,(anonymous_13)
FNDA:0,(anonymous_14)
FNDA:15,(anonymous_15)
FNDA:15,(anonymous_16)
DA:1,3
DA:9,3
DA:10,15
DA:39,3
DA:40,15
DA:79,3
DA:80,9
DA:99,3
DA:100,9
DA:143,3
DA:144,9
DA:185,3
DA:186,9
DA:200,0
DA:235,0
DA:269,3
DA:270,15
DA:311,3
DA:319,3
DA:328,3
DA:329,15
LF:21
LH:19
BRDA:9,0,0,3
BRDA:9,0,1,3
BRDA:10,1,0,15
BRDA:10,1,1,3
BRDA:34,2,0,15
BRDA:34,2,1,9
BRDA:35,3,0,15
BRDA:35,3,1,0
BRDA:39,4,0,3
BRDA:39,4,1,3
BRDA:40,5,0,15
BRDA:40,5,1,3
BRDA:79,6,0,3
BRDA:79,6,1,3
BRDA:80,7,0,9
BRDA:80,7,1,3
BRDA:81,8,0,5
BRDA:81,8,1,4
BRDA:82,9,0,9
BRDA:82,9,1,4
BRDA:83,10,0,5
BRDA:83,10,1,4
BRDA:84,11,0,5
BRDA:84,11,1,4
BRDA:90,12,0,9
BRDA:90,12,1,5
BRDA:99,13,0,3
BRDA:99,13,1,3
BRDA:100,14,0,9
BRDA:100,14,1,3
BRDA:106,15,0,9
BRDA:106,15,1,5
BRDA:111,16,0,9
BRDA:111,16,1,4
BRDA:128,17,0,9
BRDA:128,17,1,5
BRDA:134,18,0,9
BRDA:134,18,1,4
BRDA:143,19,0,3
BRDA:143,19,1,3
BRDA:144,20,0,9
BRDA:144,20,1,3
BRDA:152,21,0,5
BRDA:152,21,1,4
BRDA:157,22,0,9
BRDA:157,22,1,5
BRDA:163,23,0,9
BRDA:163,23,1,4
BRDA:186,24,0,9
BRDA:186,24,1,2
BRDA:200,25,0,0
BRDA:200,25,1,0
BRDA:235,26,0,0
BRDA:235,26,1,0
BRDA:269,27,0,3
BRDA:269,27,1,3
BRDA:270,28,0,15
BRDA:270,28,1,3
BRDA:279,29,0,15
BRDA:279,29,1,2
BRDA:311,30,0,3
BRDA:311,30,1,3
BRDA:319,31,0,3
BRDA:319,31,1,3
BRDA:328,32,0,3
BRDA:328,32,1,3
BRDA:329,33,0,15
BRDA:329,33,1,3
BRF:68
BRH:63
end_of_record
TN:
SF:src\components\ComplexComponents\ContentForm\index.tsx
FN:69,(anonymous_22)
FN:101,(anonymous_23)
FN:123,(anonymous_24)
FN:130,(anonymous_25)
FN:148,(anonymous_26)
FN:149,(anonymous_27)
FN:151,(anonymous_28)
FN:158,(anonymous_29)
FN:187,(anonymous_30)
FN:188,(anonymous_31)
FN:195,(anonymous_32)
FN:204,(anonymous_35)
FN:278,(anonymous_38)
FN:280,(anonymous_39)
FN:307,(anonymous_40)
FN:336,(anonymous_43)
FN:342,(anonymous_44)
FN:348,(anonymous_45)
FN:353,(anonymous_46)
FN:360,(anonymous_47)
FN:413,(anonymous_50)
FN:433,(anonymous_51)
FNF:22
FNH:9
FNDA:0,(anonymous_22)
FNDA:4,(anonymous_23)
FNDA:6,(anonymous_24)
FNDA:0,(anonymous_25)
FNDA:4,(anonymous_26)
FNDA:4,(anonymous_27)
FNDA:2,(anonymous_28)
FNDA:3,(anonymous_29)
FNDA:1,(anonymous_30)
FNDA:2,(anonymous_31)
FNDA:0,(anonymous_32)
FNDA:0,(anonymous_35)
FNDA:0,(anonymous_38)
FNDA:0,(anonymous_39)
FNDA:2,(anonymous_40)
FNDA:0,(anonymous_43)
FNDA:0,(anonymous_44)
FNDA:0,(anonymous_45)
FNDA:0,(anonymous_46)
FNDA:0,(anonymous_47)
FNDA:0,(anonymous_50)
FNDA:0,(anonymous_51)
DA:1,1
DA:2,1
DA:3,1
DA:5,1
DA:6,1
DA:7,1
DA:8,1
DA:10,1
DA:11,1
DA:12,1
DA:13,1
DA:14,1
DA:15,1
DA:16,1
DA:18,1
DA:20,1
DA:21,1
DA:67,1
DA:69,1
DA:70,0
DA:72,0
DA:74,0
DA:79,0
DA:84,0
DA:89,0
DA:94,0
DA:101,4
DA:102,3
DA:104,3
DA:105,3
DA:106,3
DA:107,3
DA:108,3
DA:109,3
DA:110,3
DA:111,3
DA:112,3
DA:114,3
DA:122,3
DA:123,3
DA:124,6
DA:130,0
DA:131,0
DA:138,3
DA:139,3
DA:140,3
DA:141,3
DA:143,3
DA:144,3
DA:148,4
DA:149,4
DA:151,3
DA:153,2
DA:156,3
DA:158,3
DA:159,3
DA:169,3
DA:170,3
DA:171,3
DA:173,3
DA:180,3
DA:182,3
DA:184,3
DA:185,3
DA:187,3
DA:188,1
DA:189,2
DA:190,2
DA:192,1
DA:195,3
DA:196,0
DA:198,0
DA:199,0
DA:200,0
DA:204,3
DA:205,0
DA:207,0
DA:208,0
DA:214,0
DA:215,0
DA:216,0
DA:218,0
DA:219,0
DA:220,0
DA:221,0
DA:222,0
DA:224,0
DA:225,0
DA:227,0
DA:228,0
DA:229,0
DA:232,0
DA:236,0
DA:238,0
DA:239,0
DA:244,0
DA:246,0
DA:247,0
DA:248,0
DA:250,0
DA:251,0
DA:257,0
DA:258,0
DA:259,0
DA:261,0
DA:262,0
DA:265,0
DA:277,0
DA:278,0
DA:280,0
DA:281,0
DA:282,0
DA:291,0
DA:293,0
DA:297,0
DA:299,0
DA:300,0
DA:303,0
DA:307,4
DA:308,1
DA:310,1
DA:311,1
DA:316,1
DA:317,1
DA:319,1
DA:320,1
DA:321,1
DA:323,0
DA:336,3
DA:337,0
DA:338,0
DA:339,0
DA:342,3
DA:343,0
DA:344,0
DA:345,0
DA:348,3
DA:349,0
DA:350,0
DA:351,0
DA:352,0
DA:353,0
DA:355,0
DA:357,0
DA:360,3
DA:361,0
DA:367,3
DA:369,3
DA:413,0
DA:433,0
DA:440,1
LF:151
LH:78
BRDA:72,0,0,0
BRDA:72,0,1,0
BRDA:72,0,2,0
BRDA:72,0,3,0
BRDA:72,0,4,0
BRDA:114,1,0,3
BRDA:114,1,1,3
BRDA:114,1,2,0
BRDA:114,1,3,0
BRDA:114,1,4,0
BRDA:122,2,0,3
BRDA:122,2,1,0
BRDA:156,3,0,0
BRDA:173,4,0,0
BRDA:173,4,1,3
BRDA:176,5,0,3
BRDA:176,5,1,0
BRDA:182,6,0,0
BRDA:185,7,0,0
BRDA:198,8,0,0
BRDA:199,9,0,0
BRDA:199,9,1,0
BRDA:199,10,0,0
BRDA:199,10,1,0
BRDA:293,11,0,0
BRDA:207,12,0,0
BRDA:214,13,0,0
BRDA:214,13,1,0
BRDA:216,14,0,0
BRDA:216,14,1,0
BRDA:216,15,0,0
BRDA:216,15,1,0
BRDA:218,16,0,0
BRDA:218,17,0,0
BRDA:218,17,1,0
BRDA:225,18,0,0
BRDA:232,19,0,0
BRDA:233,20,0,0
BRDA:233,20,1,0
BRDA:233,20,2,0
BRDA:238,21,0,0
BRDA:239,22,0,0
BRDA:239,22,1,0
BRDA:239,23,0,0
BRDA:239,23,1,0
BRDA:244,24,0,0
BRDA:247,25,0,0
BRDA:250,26,0,0
BRDA:258,27,0,0
BRDA:261,28,0,0
BRDA:270,29,0,0
BRDA:270,29,1,0
BRDA:281,30,0,0
BRDA:281,31,0,0
BRDA:281,31,1,0
BRDA:293,32,0,0
BRDA:293,32,1,0
BRDA:293,33,0,0
BRDA:293,33,1,0
BRDA:297,34,0,0
BRDA:299,35,0,0
BRDA:299,35,1,0
BRDA:299,36,0,0
BRDA:299,36,1,0
BRDA:300,37,0,0
BRDA:310,38,0,0
BRDA:311,39,0,1
BRDA:311,39,1,0
BRDA:311,40,0,1
BRDA:311,40,1,1
BRDA:316,41,0,0
BRDA:319,42,0,1
BRDA:321,43,0,1
BRDA:327,44,0,0
BRDA:327,44,1,0
BRDA:337,45,0,0
BRDA:343,46,0,0
BRDA:352,47,0,0
BRDA:352,47,1,0
BRDA:352,48,0,0
BRDA:352,48,1,0
BRDA:357,49,0,0
BRDA:357,49,1,0
BRDA:375,50,0,3
BRDA:375,50,1,3
BRDA:386,51,0,3
BRDA:386,51,1,3
BRDA:398,52,0,3
BRDA:398,52,1,2
BRDA:409,53,0,3
BRDA:409,53,1,3
BRDA:417,54,0,3
BRDA:417,54,1,0
BRDA:428,55,0,3
BRDA:428,55,1,0
BRF:95
BRH:20
end_of_record
TN:
SF:src\components\ComplexComponents\ContentForm\styles.ts
FN:9,(anonymous_8)
FN:68,(anonymous_9)
FN:85,(anonymous_10)
FN:110,(anonymous_11)
FNF:4
FNH:4
FNDA:3,(anonymous_8)
FNDA:3,(anonymous_9)
FNDA:3,(anonymous_10)
FNDA:3,(anonymous_11)
DA:1,1
DA:2,1
DA:3,1
DA:4,1
DA:5,1
DA:6,1
DA:8,1
DA:9,3
DA:67,1
DA:68,3
DA:84,1
DA:85,3
DA:109,1
DA:110,3
LF:14
LH:14
BRDA:8,0,0,1
BRDA:8,0,1,1
BRDA:9,1,0,3
BRDA:9,1,1,1
BRDA:19,2,0,3
BRDA:19,2,1,1
BRDA:49,3,0,3
BRDA:49,3,1,1
BRDA:67,4,0,1
BRDA:67,4,1,1
BRDA:68,5,0,3
BRDA:68,5,1,1
BRDA:77,6,0,3
BRDA:77,6,1,1
BRDA:84,7,0,1
BRDA:84,7,1,1
BRDA:85,8,0,3
BRDA:85,8,1,1
BRDA:90,9,0,3
BRDA:90,9,1,1
BRDA:109,10,0,1
BRDA:109,10,1,1
BRDA:110,11,0,3
BRDA:110,11,1,1
BRDA:114,12,0,0
BRDA:114,12,1,3
BRDA:123,13,0,3
BRDA:123,13,1,1
BRF:28
BRH:27
end_of_record
TN:
SF:src\components\ComplexComponents\ContentSelector\index.tsx
FN:22,(anonymous_22)
FN:35,(anonymous_23)
FN:46,(anonymous_24)
FN:50,(anonymous_25)
FN:54,(anonymous_28)
FN:54,(anonymous_29)
FN:64,(anonymous_31)
FN:80,(anonymous_32)
FN:93,(anonymous_33)
FN:102,(anonymous_34)
FN:113,(anonymous_35)
FN:113,(anonymous_36)
FN:123,(anonymous_38)
FN:125,(anonymous_39)
FN:140,(anonymous_40)
FN:142,(anonymous_41)
FN:155,(anonymous_42)
FN:196,(anonymous_43)
FN:201,(anonymous_44)
FN:203,(anonymous_45)
FN:209,(anonymous_46)
FN:237,(anonymous_47)
FN:245,(anonymous_48)
FN:246,(anonymous_49)
FNF:24
FNH:8
FNDA:8,(anonymous_22)
FNDA:2,(anonymous_23)
FNDA:0,(anonymous_24)
FNDA:0,(anonymous_25)
FNDA:0,(anonymous_28)
FNDA:0,(anonymous_29)
FNDA:0,(anonymous_31)
FNDA:1,(anonymous_32)
FNDA:0,(anonymous_33)
FNDA:0,(anonymous_34)
FNDA:0,(anonymous_35)
FNDA:0,(anonymous_36)
FNDA:0,(anonymous_38)
FNDA:0,(anonymous_39)
FNDA:6,(anonymous_40)
FNDA:1,(anonymous_41)
FNDA:2,(anonymous_42)
FNDA:8,(anonymous_43)
FNDA:16,(anonymous_44)
FNDA:0,(anonymous_45)
FNDA:0,(anonymous_46)
FNDA:0,(anonymous_47)
FNDA:0,(anonymous_48)
FNDA:0,(anonymous_49)
DA:1,2
DA:2,2
DA:3,2
DA:5,2
DA:6,2
DA:7,2
DA:9,2
DA:10,2
DA:11,2
DA:12,2
DA:13,2
DA:14,2
DA:16,2
DA:18,2
DA:20,2
DA:22,2
DA:23,8
DA:25,6
DA:26,6
DA:27,6
DA:28,6
DA:29,6
DA:30,6
DA:31,6
DA:32,6
DA:33,6
DA:34,6
DA:35,2
DA:37,6
DA:38,6
DA:39,6
DA:40,6
DA:43,6
DA:45,6
DA:46,6
DA:47,0
DA:48,6
DA:50,6
DA:51,0
DA:54,6
DA:55,0
DA:56,0
DA:57,0
DA:59,0
DA:61,0
DA:63,0
DA:64,0
DA:66,0
DA:68,0
DA:74,0
DA:80,6
DA:81,1
DA:82,1
DA:83,0
DA:84,0
DA:87,1
DA:88,1
DA:93,6
DA:94,0
DA:95,0
DA:96,0
DA:102,6
DA:103,0
DA:104,0
DA:113,6
DA:114,0
DA:115,0
DA:117,0
DA:122,0
DA:123,0
DA:125,0
DA:126,0
DA:127,0
DA:136,0
DA:137,0
DA:140,6
DA:141,6
DA:142,2
DA:143,1
DA:144,1
DA:153,2
DA:155,2
DA:156,2
DA:160,6
DA:196,8
DA:201,16
DA:203,0
DA:209,0
DA:237,0
DA:245,0
DA:247,0
DA:254,2
LF:92
LH:58
BRDA:56,0,0,0
BRDA:57,1,0,0
BRDA:61,2,0,0
BRDA:66,3,0,0
BRDA:71,4,0,0
BRDA:71,4,1,0
BRDA:81,5,0,0
BRDA:82,6,0,0
BRDA:114,7,0,0
BRDA:126,8,0,0
BRDA:141,9,0,4
BRDA:184,10,0,6
BRDA:184,10,1,0
BRDA:205,11,0,8
BRDA:205,11,1,0
BRDA:215,12,0,6
BRDA:215,12,1,4
BRDA:247,13,0,0
BRDA:247,13,1,0
BRF:19
BRH:5
end_of_record
TN:
SF:src\components\ComplexComponents\ContentSelector\styles.ts
FN:8,(anonymous_7)
FN:46,(anonymous_8)
FN:76,(anonymous_9)
FN:124,(anonymous_10)
FN:163,(anonymous_11)
FN:172,(anonymous_12)
FN:186,(anonymous_13)
FN:221,(anonymous_14)
FN:257,(anonymous_15)
FNF:9
FNH:5
FNDA:6,(anonymous_7)
FNDA:6,(anonymous_8)
FNDA:6,(anonymous_9)
FNDA:0,(anonymous_10)
FNDA:6,(anonymous_11)
FNDA:0,(anonymous_12)
FNDA:0,(anonymous_13)
FNDA:4,(anonymous_14)
FNDA:0,(anonymous_15)
DA:1,2
DA:7,2
DA:8,6
DA:45,2
DA:46,6
DA:75,2
DA:76,6
DA:110,2
DA:123,2
DA:124,0
DA:162,2
DA:163,6
DA:171,2
DA:172,0
DA:186,0
DA:221,4
DA:256,2
DA:257,0
LF:18
LH:14
BRDA:7,0,0,2
BRDA:7,0,1,2
BRDA:8,1,0,6
BRDA:8,1,1,2
BRDA:12,2,0,6
BRDA:12,2,1,0
BRDA:13,3,0,0
BRDA:13,3,1,6
BRDA:45,4,0,2
BRDA:45,4,1,2
BRDA:46,5,0,6
BRDA:46,5,1,2
BRDA:70,6,0,6
BRDA:70,6,1,0
BRDA:71,7,0,6
BRDA:71,7,1,4
BRDA:75,8,0,2
BRDA:75,8,1,2
BRDA:76,9,0,6
BRDA:76,9,1,2
BRDA:110,10,0,2
BRDA:110,10,1,2
BRDA:123,11,0,2
BRDA:123,11,1,2
BRDA:124,12,0,0
BRDA:124,12,1,0
BRDA:127,13,0,0
BRDA:127,13,1,0
BRDA:132,14,0,0
BRDA:132,14,1,0
BRDA:141,15,0,0
BRDA:141,15,1,0
BRDA:152,16,0,0
BRDA:152,16,1,0
BRDA:158,17,0,0
BRDA:158,17,1,0
BRDA:162,18,0,2
BRDA:162,18,1,2
BRDA:163,19,0,6
BRDA:163,19,1,2
BRDA:172,20,0,0
BRDA:172,20,1,0
BRDA:186,21,0,0
BRDA:186,21,1,0
BRDA:221,22,0,4
BRDA:221,22,1,1
BRDA:256,23,0,2
BRDA:256,23,1,2
BRDA:257,24,0,0
BRDA:257,24,1,0
BRF:50
BRH:29
end_of_record
TN:
SF:src\components\ComplexComponents\ContentViewOnly\index.tsx
FN:22,(anonymous_7)
FN:41,(anonymous_8)
FNF:2
FNH:2
FNDA:8,(anonymous_7)
FNDA:9,(anonymous_8)
DA:1,2
DA:3,2
DA:4,2
DA:5,2
DA:6,2
DA:7,2
DA:8,2
DA:9,2
DA:11,2
DA:13,2
DA:22,2
DA:23,8
DA:25,3
DA:27,1
DA:29,1
DA:31,1
DA:33,1
DA:35,1
DA:37,0
DA:41,2
DA:42,9
DA:43,8
DA:44,8
DA:45,8
DA:47,8
DA:48,8
DA:50,8
DA:60,2
LF:28
LH:27
BRDA:23,0,0,3
BRDA:23,0,1,1
BRDA:23,0,2,1
BRDA:23,0,3,1
BRDA:23,0,4,1
BRDA:23,0,5,1
BRDA:23,0,6,0
BRF:7
BRH:6
end_of_record
TN:
SF:src\components\ComplexComponents\ContentViewOnly\styles.ts
FN:8,(anonymous_7)
FN:24,(anonymous_8)
FNF:2
FNH:2
FNDA:8,(anonymous_7)
FNDA:8,(anonymous_8)
DA:1,2
DA:7,2
DA:8,8
DA:23,2
DA:24,8
LF:5
LH:5
BRDA:7,0,0,2
BRDA:7,0,1,2
BRDA:8,1,0,8
BRDA:8,1,1,1
BRDA:17,2,0,8
BRDA:17,2,1,8
BRDA:23,3,0,2
BRDA:23,3,1,2
BRDA:24,4,0,8
BRDA:24,4,1,1
BRDA:32,5,0,8
BRDA:32,5,1,8
BRF:12
BRH:12
end_of_record
TN:
SF:src\components\ComplexComponents\DashboardFilters\index.tsx
FN:21,(anonymous_20)
FN:26,(anonymous_23)
FN:44,(anonymous_24)
FN:47,(anonymous_25)
FN:50,(anonymous_26)
FN:61,(anonymous_27)
FN:62,(anonymous_28)
FN:66,(anonymous_31)
FN:67,(anonymous_32)
FNF:9
FNH:7
FNDA:6,(anonymous_20)
FNDA:7,(anonymous_23)
FNDA:0,(anonymous_24)
FNDA:0,(anonymous_25)
FNDA:3,(anonymous_26)
FNDA:3,(anonymous_27)
FNDA:6,(anonymous_28)
FNDA:3,(anonymous_31)
FNDA:6,(anonymous_32)
DA:1,2
DA:2,2
DA:3,2
DA:4,2
DA:8,2
DA:10,2
DA:12,2
DA:13,2
DA:15,2
DA:17,2
DA:19,2
DA:21,5
DA:22,3
DA:23,3
DA:26,2
DA:27,7
DA:28,5
DA:30,5
DA:31,5
DA:32,10
DA:33,5
DA:35,3
DA:37,3
DA:42,3
DA:44,3
DA:47,0
DA:50,3
DA:53,3
DA:54,3
DA:55,0
DA:58,0
DA:61,3
DA:62,6
DA:63,3
DA:64,3
DA:66,3
DA:67,6
DA:73,3
DA:76,3
DA:102,2
LF:40
LH:37
BRDA:22,0,0,3
BRDA:23,1,0,3
BRDA:23,1,1,0
BRDA:53,2,0,3
BRDA:53,3,0,3
BRDA:53,3,1,3
BRDA:58,4,0,0
BRDA:58,4,1,0
BRDA:58,5,0,0
BRDA:58,5,1,0
BRDA:63,6,0,3
BRDA:78,7,0,3
BRDA:78,7,1,0
BRF:13
BRH:7
end_of_record
TN:
SF:src\components\ComplexComponents\DashboardFilters\styles.ts
FN:4,(anonymous_7)
FNF:1
FNH:1
FNDA:3,(anonymous_7)
DA:1,2
DA:3,2
DA:4,3
LF:3
LH:3
BRDA:3,0,0,2
BRDA:3,0,1,2
BRDA:4,1,0,3
BRDA:4,1,1,1
BRF:4
BRH:4
end_of_record
TN:
SF:src\components\ComplexComponents\GalleryEditor\form.schema.tsx
FNF:0
FNH:0
DA:1,1
DA:2,1
DA:4,1
DA:6,1
DA:12,1
DA:49,1
LF:6
LH:6
BRF:0
BRH:0
end_of_record
TN:
SF:src\components\ComplexComponents\GalleryEditor\index.tsx
FN:10,(anonymous_22)
FN:25,(anonymous_23)
FN:37,(anonymous_24)
FN:42,(anonymous_25)
FN:53,(anonymous_26)
FN:70,(anonymous_27)
FNF:6
FNH:1
FNDA:4,(anonymous_22)
FNDA:0,(anonymous_23)
FNDA:0,(anonymous_24)
FNDA:0,(anonymous_25)
FNDA:0,(anonymous_26)
FNDA:0,(anonymous_27)
DA:1,1
DA:2,1
DA:5,1
DA:6,1
DA:8,1
DA:10,1
DA:11,4
DA:12,4
DA:13,4
DA:18,3
DA:20,3
DA:21,3
DA:23,3
DA:25,3
DA:26,0
DA:27,0
DA:29,0
DA:37,3
DA:38,0
DA:39,0
DA:42,3
DA:43,0
DA:45,0
DA:53,3
DA:54,0
DA:55,0
DA:56,0
DA:57,0
DA:58,0
DA:60,0
DA:62,0
DA:70,3
DA:71,0
DA:79,3
DA:93,1
LF:35
LH:20
BRDA:18,0,0,0
BRDA:21,1,0,0
BRDA:31,2,0,0
BRDA:31,2,1,0
BRDA:38,3,0,0
BRDA:38,3,1,0
BRDA:56,4,0,0
BRDA:56,4,1,0
BRDA:57,5,0,0
BRDA:57,5,1,0
BRDA:60,6,0,0
BRF:11
BRH:0
end_of_record
TN:
SF:src\components\ComplexComponents\GalleryEditor\styles.ts
FN:11,(anonymous_8)
FN:112,(anonymous_9)
FN:139,(anonymous_10)
FN:152,(anonymous_11)
FN:171,(anonymous_12)
FN:211,(anonymous_13)
FN:269,(anonymous_14)
FN:300,(anonymous_15)
FN:309,(anonymous_16)
FN:334,(anonymous_17)
FN:347,(anonymous_18)
FNF:11
FNH:1
FNDA:3,(anonymous_8)
FNDA:0,(anonymous_9)
FNDA:0,(anonymous_10)
FNDA:0,(anonymous_11)
FNDA:0,(anonymous_12)
FNDA:0,(anonymous_13)
FNDA:0,(anonymous_14)
FNDA:0,(anonymous_15)
FNDA:0,(anonymous_16)
FNDA:0,(anonymous_17)
FNDA:0,(anonymous_18)
DA:1,1
DA:2,1
DA:3,1
DA:4,1
DA:5,1
DA:7,1
DA:8,1
DA:10,1
DA:11,3
DA:102,1
DA:111,1
DA:112,0
DA:129,1
DA:138,1
DA:139,0
DA:151,1
DA:152,0
DA:159,1
DA:170,1
DA:171,0
DA:210,1
DA:211,0
DA:222,1
DA:241,1
DA:260,1
DA:264,1
DA:268,1
DA:269,0
DA:290,1
DA:299,1
DA:300,0
DA:308,1
DA:309,0
DA:333,1
DA:334,0
DA:346,1
DA:347,0
LF:37
LH:27
BRDA:10,0,0,1
BRDA:10,0,1,1
BRDA:11,1,0,3
BRDA:11,1,1,1
BRDA:30,2,0,3
BRDA:30,2,1,1
BRDA:102,3,0,1
BRDA:102,3,1,1
BRDA:111,4,0,1
BRDA:111,4,1,1
BRDA:112,5,0,0
BRDA:112,5,1,0
BRDA:129,6,0,1
BRDA:129,6,1,1
BRDA:138,7,0,1
BRDA:138,7,1,1
BRDA:139,8,0,0
BRDA:139,8,1,0
BRDA:151,9,0,1
BRDA:151,9,1,1
BRDA:152,10,0,0
BRDA:152,10,1,0
BRDA:159,11,0,1
BRDA:159,11,1,1
BRDA:170,12,0,1
BRDA:170,12,1,1
BRDA:171,13,0,0
BRDA:171,13,1,0
BRDA:182,14,0,0
BRDA:182,14,1,0
BRDA:185,15,0,0
BRDA:185,15,1,0
BRDA:210,16,0,1
BRDA:210,16,1,1
BRDA:211,17,0,0
BRDA:211,17,1,0
BRDA:222,18,0,1
BRDA:222,18,1,1
BRDA:241,19,0,1
BRDA:241,19,1,1
BRDA:260,20,0,1
BRDA:260,20,1,1
BRDA:264,21,0,1
BRDA:264,21,1,1
BRDA:268,22,0,1
BRDA:268,22,1,1
BRDA:269,23,0,0
BRDA:269,23,1,0
BRDA:290,24,0,1
BRDA:290,24,1,1
BRDA:299,25,0,1
BRDA:299,25,1,1
BRDA:300,26,0,0
BRDA:300,26,1,0
BRDA:301,27,0,0
BRDA:301,27,1,0
BRDA:308,28,0,1
BRDA:308,28,1,1
BRDA:309,29,0,0
BRDA:309,29,1,0
BRDA:333,30,0,1
BRDA:333,30,1,1
BRDA:334,31,0,0
BRDA:334,31,1,0
BRDA:346,32,0,1
BRDA:346,32,1,1
BRDA:347,33,0,0
BRDA:347,33,1,0
BRF:68
BRH:42
end_of_record
TN:
SF:src\components\ComplexComponents\Header\index.tsx
FN:18,(anonymous_7)
FN:33,(anonymous_8)
FN:50,(anonymous_9)
FN:58,(anonymous_10)
FN:59,(anonymous_11)
FN:61,(anonymous_12)
FN:62,(anonymous_13)
FNF:7
FNH:7
FNDA:26,(anonymous_7)
FNDA:26,(anonymous_8)
FNDA:41,(anonymous_9)
FNDA:2,(anonymous_10)
FNDA:10,(anonymous_11)
FNDA:14,(anonymous_12)
FNDA:14,(anonymous_13)
DA:1,1
DA:2,1
DA:3,1
DA:4,1
DA:5,1
DA:6,1
DA:7,1
DA:8,1
DA:9,1
DA:11,1
DA:18,1
DA:19,26
DA:20,26
DA:25,26
DA:33,1
DA:34,26
DA:36,18
DA:38,2
DA:40,2
DA:42,2
DA:44,2
DA:46,0
DA:50,41
DA:51,40
DA:52,40
DA:53,40
DA:54,40
DA:56,40
DA:58,40
DA:59,40
DA:61,40
DA:62,14
DA:63,14
DA:64,14
DA:66,2
DA:68,2
DA:70,1
DA:72,4
DA:74,0
DA:76,5
DA:80,14
DA:83,40
DA:85,26
DA:156,1
LF:44
LH:42
BRDA:34,0,0,18
BRDA:34,0,1,2
BRDA:34,0,2,2
BRDA:34,0,3,2
BRDA:34,0,4,2
BRDA:34,0,5,0
BRDA:50,1,0,0
BRDA:50,1,1,40
BRDA:64,2,0,2
BRDA:64,2,1,2
BRDA:64,2,2,1
BRDA:64,2,3,4
BRDA:64,2,4,0
BRDA:64,2,5,5
BRDA:83,3,0,14
BRDA:94,4,0,3
BRDA:94,4,1,23
BRDA:115,5,0,26
BRDA:115,5,1,26
BRDA:140,6,0,3
BRDA:140,6,1,23
BRF:21
BRH:18
end_of_record
TN:
SF:src\components\ComplexComponents\Header\styles.ts
FN:5,(anonymous_8)
FN:28,(anonymous_9)
FN:52,(anonymous_10)
FN:89,(anonymous_11)
FN:102,(anonymous_12)
FN:111,(anonymous_13)
FNF:6
FNH:6
FNDA:26,(anonymous_8)
FNDA:26,(anonymous_9)
FNDA:26,(anonymous_10)
FNDA:26,(anonymous_11)
FNDA:46,(anonymous_12)
FNDA:52,(anonymous_13)
DA:1,1
DA:2,1
DA:4,1
DA:5,26
DA:27,1
DA:28,26
DA:51,1
DA:52,26
DA:88,1
DA:89,26
DA:101,1
DA:102,46
DA:110,1
DA:111,52
LF:14
LH:14
BRDA:4,0,0,1
BRDA:4,0,1,1
BRDA:5,1,0,26
BRDA:5,1,1,1
BRDA:27,2,0,1
BRDA:27,2,1,1
BRDA:28,3,0,26
BRDA:28,3,1,1
BRDA:29,4,0,10
BRDA:29,4,1,16
BRDA:43,5,0,26
BRDA:43,5,1,1
BRDA:51,6,0,1
BRDA:51,6,1,1
BRDA:52,7,0,26
BRDA:52,7,1,1
BRDA:88,8,0,1
BRDA:88,8,1,1
BRDA:89,9,0,26
BRDA:89,9,1,1
BRDA:95,10,0,26
BRDA:95,10,1,1
BRDA:101,11,0,1
BRDA:101,11,1,1
BRDA:102,12,0,46
BRDA:102,12,1,1
BRDA:110,13,0,1
BRDA:110,13,1,1
BRDA:111,14,0,52
BRDA:111,14,1,1
BRF:30
BRH:30
end_of_record
TN:
SF:src\components\ComplexComponents\ImageUploader\index.tsx
FN:22,(anonymous_7)
FN:41,(anonymous_8)
FN:55,(anonymous_9)
FN:65,(anonymous_10)
FN:69,(anonymous_11)
FN:73,(anonymous_12)
FN:77,(anonymous_13)
FN:81,(anonymous_14)
FN:94,(anonymous_15)
FN:186,(anonymous_16)
FN:193,(anonymous_17)
FN:194,(anonymous_18)
FNF:12
FNH:5
FNDA:29,(anonymous_7)
FNDA:6,(anonymous_8)
FNDA:5,(anonymous_9)
FNDA:0,(anonymous_10)
FNDA:0,(anonymous_11)
FNDA:6,(anonymous_12)
FNDA:0,(anonymous_13)
FNDA:0,(anonymous_14)
FNDA:1,(anonymous_15)
FNDA:0,(anonymous_16)
FNDA:0,(anonymous_17)
FNDA:0,(anonymous_18)
DA:1,5
DA:2,5
DA:4,5
DA:5,5
DA:6,5
DA:7,5
DA:8,5
DA:9,5
DA:11,5
DA:22,5
DA:23,29
DA:24,26
DA:25,26
DA:26,26
DA:27,26
DA:28,26
DA:30,26
DA:32,26
DA:33,26
DA:34,26
DA:35,26
DA:36,26
DA:37,26
DA:39,26
DA:41,26
DA:42,6
DA:44,6
DA:45,6
DA:47,6
DA:49,6
DA:50,6
DA:51,6
DA:53,6
DA:55,6
DA:56,5
DA:59,6
DA:62,6
DA:65,26
DA:66,0
DA:69,26
DA:70,0
DA:73,26
DA:74,6
DA:77,26
DA:78,0
DA:79,0
DA:80,0
DA:81,0
DA:82,0
DA:84,0
DA:86,0
DA:87,0
DA:89,0
DA:94,26
DA:95,1
DA:96,1
DA:97,1
DA:98,1
DA:101,26
DA:186,0
DA:193,0
DA:195,0
DA:196,0
DA:197,0
DA:204,5
LF:65
LH:49
BRDA:24,0,0,24
BRDA:24,0,1,2
BRDA:25,1,0,22
BRDA:25,1,1,4
BRDA:35,2,0,4
BRDA:35,2,1,22
BRDA:35,3,0,26
BRDA:35,3,1,4
BRDA:42,4,0,0
BRDA:42,5,0,6
BRDA:42,5,1,6
BRDA:45,6,0,0
BRDA:47,7,0,0
BRDA:47,7,1,6
BRDA:78,8,0,0
BRDA:79,9,0,0
BRDA:79,9,1,0
BRDA:97,10,0,1
BRDA:119,11,0,1
BRDA:119,11,1,25
BRDA:122,12,0,26
BRDA:122,12,1,25
BRDA:138,13,0,3
BRDA:138,13,1,23
BRDA:143,14,0,3
BRDA:143,14,1,1
BRDA:150,15,0,3
BRDA:150,15,1,1
BRF:28
BRH:22
end_of_record
TN:
SF:src\components\ComplexComponents\ImageUploader\styles.ts
FN:9,(anonymous_8)
FN:45,(anonymous_9)
FN:64,(anonymous_10)
FN:101,(anonymous_11)
FN:130,(anonymous_12)
FN:166,(anonymous_13)
FN:205,(anonymous_14)
FN:218,(anonymous_15)
FNF:8
FNH:7
FNDA:26,(anonymous_8)
FNDA:26,(anonymous_9)
FNDA:26,(anonymous_10)
FNDA:26,(anonymous_11)
FNDA:26,(anonymous_12)
FNDA:3,(anonymous_13)
FNDA:3,(anonymous_14)
FNDA:0,(anonymous_15)
DA:1,5
DA:2,5
DA:8,5
DA:9,26
DA:44,5
DA:45,26
DA:63,5
DA:64,26
DA:89,5
DA:100,5
DA:101,26
DA:124,5
DA:129,5
DA:130,26
DA:147,5
DA:157,5
DA:165,5
DA:166,3
DA:204,5
DA:205,3
DA:217,5
DA:218,0
LF:22
LH:21
BRDA:8,0,0,5
BRDA:8,0,1,5
BRDA:9,1,0,26
BRDA:9,1,1,3
BRDA:10,2,0,26
BRDA:10,2,1,0
BRDA:44,3,0,5
BRDA:44,3,1,5
BRDA:45,4,0,26
BRDA:45,4,1,3
BRDA:46,5,0,0
BRDA:46,5,1,26
BRDA:56,6,0,26
BRDA:56,6,1,3
BRDA:63,7,0,5
BRDA:63,7,1,5
BRDA:64,8,0,26
BRDA:64,8,1,3
BRDA:74,9,0,26
BRDA:74,9,1,3
BRDA:89,10,0,5
BRDA:89,10,1,5
BRDA:100,11,0,5
BRDA:100,11,1,5
BRDA:101,12,0,26
BRDA:101,12,1,3
BRDA:112,13,0,26
BRDA:112,13,1,3
BRDA:124,14,0,5
BRDA:124,14,1,5
BRDA:129,15,0,5
BRDA:129,15,1,5
BRDA:130,16,0,26
BRDA:130,16,1,3
BRDA:147,17,0,5
BRDA:147,17,1,5
BRDA:152,18,0,5
BRDA:152,18,1,5
BRDA:157,19,0,5
BRDA:157,19,1,5
BRDA:165,20,0,5
BRDA:165,20,1,5
BRDA:166,21,0,3
BRDA:166,21,1,2
BRDA:186,22,0,3
BRDA:186,22,1,2
BRDA:204,23,0,5
BRDA:204,23,1,5
BRDA:205,24,0,3
BRDA:205,24,1,2
BRDA:210,25,0,3
BRDA:210,25,1,2
BRDA:217,26,0,5
BRDA:217,26,1,5
BRDA:218,27,0,0
BRDA:218,27,1,0
BRF:56
BRH:52
end_of_record
TN:
SF:src\components\ComplexComponents\InstitutionList\detail.mobile.tsx
FN:45,(anonymous_23)
FN:63,(anonymous_24)
FN:87,(anonymous_25)
FN:87,(anonymous_26)
FN:95,(anonymous_28)
FN:95,(anonymous_29)
FN:105,(anonymous_31)
FN:126,(anonymous_32)
FN:131,(anonymous_33)
FN:153,(anonymous_34)
FN:165,(anonymous_35)
FN:221,(anonymous_36)
FN:232,(anonymous_37)
FN:275,(anonymous_38)
FN:276,(anonymous_39)
FN:283,(anonymous_40)
FN:294,(anonymous_41)
FN:295,ODataUsersAdmin
FN:297,(anonymous_43)
FNF:19
FNH:1
FNDA:0,(anonymous_23)
FNDA:0,(anonymous_24)
FNDA:0,(anonymous_25)
FNDA:0,(anonymous_26)
FNDA:0,(anonymous_28)
FNDA:0,(anonymous_29)
FNDA:0,(anonymous_31)
FNDA:0,(anonymous_32)
FNDA:0,(anonymous_33)
FNDA:0,(anonymous_34)
FNDA:0,(anonymous_35)
FNDA:0,(anonymous_36)
FNDA:0,(anonymous_37)
FNDA:0,(anonymous_38)
FNDA:0,(anonymous_39)
FNDA:0,(anonymous_40)
FNDA:1,(anonymous_41)
FNDA:0,ODataUsersAdmin
FNDA:0,(anonymous_43)
DA:1,1
DA:2,1
DA:5,1
DA:6,1
DA:7,1
DA:8,1
DA:9,1
DA:10,1
DA:13,1
DA:14,1
DA:15,1
DA:16,1
DA:18,1
DA:19,1
DA:21,1
DA:22,1
DA:23,1
DA:27,1
DA:28,1
DA:29,1
DA:31,1
DA:42,1
DA:43,1
DA:45,1
DA:46,0
DA:47,0
DA:49,0
DA:50,0
DA:52,0
DA:53,0
DA:55,0
DA:56,0
DA:58,0
DA:61,0
DA:63,1
DA:64,0
DA:65,0
DA:66,0
DA:67,0
DA:69,0
DA:71,0
DA:72,0
DA:73,0
DA:74,0
DA:85,0
DA:87,0
DA:88,0
DA:89,0
DA:90,0
DA:91,0
DA:92,0
DA:95,0
DA:96,0
DA:97,0
DA:101,0
DA:102,0
DA:105,0
DA:106,0
DA:107,0
DA:110,0
DA:127,0
DA:128,0
DA:130,0
DA:131,0
DA:154,0
DA:155,0
DA:166,0
DA:167,0
DA:168,0
DA:221,0
DA:232,0
DA:248,0
DA:249,0
DA:275,0
DA:276,0
DA:283,0
DA:294,1
DA:295,1
DA:296,0
DA:298,0
DA:306,0
DA:317,1
LF:82
LH:28
BRDA:47,0,0,0
BRDA:47,0,1,0
BRDA:47,0,2,0
BRDA:47,0,3,0
BRDA:48,1,0,0
BRDA:48,1,1,0
BRDA:51,2,0,0
BRDA:51,2,1,0
BRDA:54,3,0,0
BRDA:54,3,1,0
BRDA:128,4,0,0
BRDA:175,5,0,0
BRDA:175,5,1,0
BRDA:197,6,0,0
BRDA:197,6,1,0
BRDA:219,7,0,0
BRDA:219,7,1,0
BRDA:230,8,0,0
BRDA:230,8,1,0
BRDA:248,9,0,0
BRDA:256,10,0,0
BRDA:256,10,1,0
BRDA:269,11,0,0
BRDA:269,11,1,0
BRDA:280,12,0,0
BRDA:280,12,1,0
BRF:26
BRH:0
end_of_record
TN:
SF:src\components\ComplexComponents\InstitutionList\detail.tsx
FN:44,(anonymous_23)
FN:62,(anonymous_24)
FN:84,(anonymous_25)
FN:84,(anonymous_26)
FN:93,(anonymous_28)
FN:93,(anonymous_29)
FN:110,(anonymous_31)
FN:116,(anonymous_32)
FN:125,(anonymous_33)
FN:133,(anonymous_34)
FN:136,(anonymous_35)
FN:141,(anonymous_36)
FN:159,(anonymous_37)
FN:168,(anonymous_38)
FN:178,(anonymous_39)
FN:201,(anonymous_40)
FN:222,(anonymous_41)
FN:228,(anonymous_42)
FN:237,(anonymous_43)
FN:277,(anonymous_44)
FN:278,(anonymous_45)
FN:285,(anonymous_46)
FNF:22
FNH:0
FNDA:0,(anonymous_23)
FNDA:0,(anonymous_24)
FNDA:0,(anonymous_25)
FNDA:0,(anonymous_26)
FNDA:0,(anonymous_28)
FNDA:0,(anonymous_29)
FNDA:0,(anonymous_31)
FNDA:0,(anonymous_32)
FNDA:0,(anonymous_33)
FNDA:0,(anonymous_34)
FNDA:0,(anonymous_35)
FNDA:0,(anonymous_36)
FNDA:0,(anonymous_37)
FNDA:0,(anonymous_38)
FNDA:0,(anonymous_39)
FNDA:0,(anonymous_40)
FNDA:0,(anonymous_41)
FNDA:0,(anonymous_42)
FNDA:0,(anonymous_43)
FNDA:0,(anonymous_44)
FNDA:0,(anonymous_45)
FNDA:0,(anonymous_46)
DA:1,1
DA:2,1
DA:7,1
DA:11,1
DA:12,1
DA:13,1
DA:14,1
DA:15,1
DA:16,1
DA:19,1
DA:20,1
DA:21,1
DA:22,1
DA:24,1
DA:25,1
DA:27,1
DA:28,1
DA:29,1
DA:30,1
DA:31,1
DA:41,1
DA:42,1
DA:44,1
DA:45,0
DA:46,0
DA:48,0
DA:49,0
DA:51,0
DA:52,0
DA:54,0
DA:55,0
DA:57,0
DA:60,0
DA:62,1
DA:63,0
DA:64,0
DA:65,0
DA:66,0
DA:68,0
DA:70,0
DA:71,0
DA:72,0
DA:73,0
DA:84,0
DA:85,0
DA:86,0
DA:87,0
DA:88,0
DA:89,0
DA:92,0
DA:93,0
DA:94,0
DA:95,0
DA:96,0
DA:97,0
DA:99,0
DA:103,0
DA:104,0
DA:110,0
DA:111,0
DA:112,0
DA:115,0
DA:117,0
DA:125,0
DA:126,0
DA:134,0
DA:136,0
DA:137,0
DA:138,0
DA:140,0
DA:141,0
DA:150,0
DA:159,0
DA:160,0
DA:168,0
DA:169,0
DA:170,0
DA:178,0
DA:179,0
DA:181,0
DA:201,0
DA:202,0
DA:204,0
DA:223,0
DA:225,0
DA:228,0
DA:237,0
DA:252,0
DA:277,0
DA:278,0
DA:285,0
DA:295,1
LF:92
LH:25
BRDA:46,0,0,0
BRDA:46,0,1,0
BRDA:46,0,2,0
BRDA:46,0,3,0
BRDA:47,1,0,0
BRDA:47,1,1,0
BRDA:50,2,0,0
BRDA:50,2,1,0
BRDA:53,3,0,0
BRDA:53,3,1,0
BRDA:99,4,0,0
BRDA:95,5,0,0
BRDA:138,6,0,0
BRDA:179,7,0,0
BRDA:202,8,0,0
BRDA:227,9,0,0
BRDA:227,9,1,0
BRDA:235,10,0,0
BRDA:235,10,1,0
BRDA:252,11,0,0
BRDA:252,11,1,0
BRDA:262,12,0,0
BRDA:262,12,1,0
BRDA:271,13,0,0
BRDA:271,13,1,0
BRDA:282,14,0,0
BRDA:282,14,1,0
BRF:27
BRH:0
end_of_record
TN:
SF:src\components\ComplexComponents\InstitutionList\index.tsx
FN:31,(anonymous_23)
FN:50,(anonymous_24)
FN:62,(anonymous_25)
FN:67,(anonymous_28)
FN:69,(anonymous_29)
FN:92,(anonymous_30)
FN:112,(anonymous_31)
FN:129,(anonymous_32)
FN:137,(anonymous_33)
FN:153,(anonymous_34)
FN:173,(anonymous_35)
FN:204,(anonymous_36)
FN:220,(anonymous_37)
FNF:13
FNH:2
FNDA:5,(anonymous_23)
FNDA:3,(anonymous_24)
FNDA:0,(anonymous_25)
FNDA:0,(anonymous_28)
FNDA:0,(anonymous_29)
FNDA:0,(anonymous_30)
FNDA:0,(anonymous_31)
FNDA:0,(anonymous_32)
FNDA:0,(anonymous_33)
FNDA:0,(anonymous_34)
FNDA:0,(anonymous_35)
FNDA:0,(anonymous_36)
FNDA:0,(anonymous_37)
DA:1,1
DA:2,1
DA:3,1
DA:5,1
DA:6,1
DA:7,1
DA:8,1
DA:14,1
DA:15,1
DA:17,1
DA:18,1
DA:19,1
DA:20,1
DA:21,1
DA:22,1
DA:31,1
DA:32,5
DA:34,1
DA:36,1
DA:38,1
DA:40,1
DA:42,1
DA:44,0
DA:48,1
DA:50,1
DA:51,3
DA:52,2
DA:53,2
DA:54,2
DA:56,2
DA:57,2
DA:59,2
DA:60,2
DA:62,2
DA:63,0
DA:64,0
DA:67,2
DA:68,0
DA:69,0
DA:70,0
DA:73,2
DA:93,0
DA:94,0
DA:95,0
DA:96,0
DA:98,0
DA:105,0
DA:113,0
DA:115,0
DA:124,0
DA:129,0
DA:130,0
DA:134,0
DA:137,0
DA:138,0
DA:140,0
DA:142,0
DA:145,0
DA:147,0
DA:149,0
DA:153,0
DA:154,0
DA:156,0
DA:157,0
DA:158,0
DA:162,0
DA:174,0
DA:175,0
DA:204,0
DA:221,0
DA:239,1
LF:71
LH:36
BRDA:32,0,0,1
BRDA:32,0,1,1
BRDA:32,0,2,1
BRDA:32,0,3,1
BRDA:32,0,4,1
BRDA:32,0,5,0
BRDA:63,1,0,0
BRDA:94,2,0,0
BRDA:101,3,0,0
BRDA:101,3,1,0
BRDA:118,4,0,0
BRDA:118,4,1,0
BRDA:134,5,0,0
BRDA:134,5,1,0
BRDA:134,5,2,0
BRDA:134,5,3,0
BRDA:138,6,0,0
BRDA:140,7,0,0
BRDA:140,7,1,0
BRDA:140,7,2,0
BRDA:140,7,3,0
BRDA:140,7,4,0
BRDA:145,8,0,0
BRDA:145,8,1,0
BRDA:154,9,0,0
BRDA:156,10,0,0
BRDA:171,11,0,0
BRDA:171,11,1,0
BRDA:171,12,0,0
BRDA:171,12,1,0
BRDA:171,12,2,0
BRDA:175,13,0,0
BRDA:175,13,1,0
BRDA:183,14,0,0
BRDA:183,14,1,0
BRDA:208,15,0,0
BRDA:208,15,1,0
BRDA:214,16,0,0
BRDA:214,16,1,0
BRDA:232,17,0,0
BRDA:232,17,1,0
BRF:41
BRH:5
end_of_record
TN:
SF:src\components\ComplexComponents\InstitutionList\styles.ts
FN:10,(anonymous_8)
FN:101,(anonymous_9)
FN:154,(anonymous_10)
FN:193,(anonymous_11)
FN:202,(anonymous_12)
FN:218,(anonymous_13)
FN:231,(anonymous_14)
FN:275,(anonymous_15)
FN:305,(anonymous_16)
FN:347,(anonymous_17)
FNF:10
FNH:0
FNDA:0,(anonymous_8)
FNDA:0,(anonymous_9)
FNDA:0,(anonymous_10)
FNDA:0,(anonymous_11)
FNDA:0,(anonymous_12)
FNDA:0,(anonymous_13)
FNDA:0,(anonymous_14)
FNDA:0,(anonymous_15)
FNDA:0,(anonymous_16)
FNDA:0,(anonymous_17)
DA:1,1
DA:2,1
DA:3,1
DA:4,1
DA:5,1
DA:6,1
DA:7,1
DA:9,1
DA:10,0
DA:100,1
DA:101,0
DA:153,1
DA:154,0
DA:163,1
DA:183,1
DA:192,1
DA:193,0
DA:201,1
DA:202,0
DA:217,1
DA:218,0
DA:230,1
DA:231,0
DA:274,1
DA:275,0
DA:304,1
DA:305,0
DA:346,1
DA:347,0
LF:29
LH:19
BRDA:9,0,0,1
BRDA:9,0,1,1
BRDA:10,1,0,0
BRDA:10,1,1,0
BRDA:11,2,0,0
BRDA:11,2,1,0
BRDA:52,3,0,0
BRDA:52,3,1,0
BRDA:62,4,0,0
BRDA:62,4,1,0
BRDA:70,5,0,0
BRDA:70,5,1,0
BRDA:100,6,0,1
BRDA:100,6,1,1
BRDA:101,7,0,0
BRDA:101,7,1,0
BRDA:106,8,0,0
BRDA:106,8,1,0
BRDA:129,9,0,0
BRDA:129,9,1,0
BRDA:130,10,0,0
BRDA:130,10,1,0
BRDA:142,11,0,0
BRDA:142,11,1,0
BRDA:153,12,0,1
BRDA:153,12,1,1
BRDA:154,13,0,0
BRDA:154,13,1,0
BRDA:163,14,0,1
BRDA:163,14,1,1
BRDA:175,15,0,1
BRDA:175,15,1,1
BRDA:183,16,0,1
BRDA:183,16,1,1
BRDA:184,17,0,1
BRDA:184,17,1,1
BRDA:192,18,0,1
BRDA:192,18,1,1
BRDA:193,19,0,0
BRDA:193,19,1,0
BRDA:201,20,0,1
BRDA:201,20,1,1
BRDA:202,21,0,0
BRDA:202,21,1,0
BRDA:217,22,0,1
BRDA:217,22,1,1
BRDA:218,23,0,0
BRDA:218,23,1,0
BRDA:230,24,0,1
BRDA:230,24,1,1
BRDA:231,25,0,0
BRDA:231,25,1,0
BRDA:232,26,0,0
BRDA:232,26,1,0
BRDA:262,27,0,0
BRDA:262,27,1,0
BRDA:267,28,0,0
BRDA:267,28,1,0
BRDA:274,29,0,1
BRDA:274,29,1,1
BRDA:275,30,0,0
BRDA:275,30,1,0
BRDA:281,31,0,0
BRDA:281,31,1,0
BRDA:286,32,0,0
BRDA:286,32,1,0
BRDA:292,33,0,0
BRDA:292,33,1,0
BRDA:304,34,0,1
BRDA:304,34,1,1
BRDA:305,35,0,0
BRDA:305,35,1,0
BRDA:329,36,0,0
BRDA:329,36,1,0
BRDA:332,37,0,0
BRDA:332,37,1,0
BRDA:346,38,0,1
BRDA:346,38,1,1
BRDA:347,39,0,0
BRDA:347,39,1,0
BRF:80
BRH:28
end_of_record
TN:
SF:src\components\ComplexComponents\LessonList\index.tsx
FN:30,(anonymous_23)
FN:40,(anonymous_24)
FN:40,(anonymous_25)
FN:50,(anonymous_27)
FN:75,(anonymous_28)
FN:83,(anonymous_29)
FN:92,(anonymous_30)
FN:107,(anonymous_31)
FN:124,(anonymous_32)
FN:144,(anonymous_33)
FN:145,(anonymous_34)
FNF:11
FNH:5
FNDA:7,(anonymous_23)
FNDA:0,(anonymous_24)
FNDA:0,(anonymous_25)
FNDA:0,(anonymous_27)
FNDA:6,(anonymous_28)
FNDA:6,(anonymous_29)
FNDA:6,(anonymous_30)
FNDA:0,(anonymous_31)
FNDA:6,(anonymous_32)
FNDA:0,(anonymous_33)
FNDA:0,(anonymous_34)
DA:1,1
DA:2,1
DA:3,1
DA:4,1
DA:5,1
DA:7,1
DA:8,1
DA:9,1
DA:10,1
DA:15,1
DA:18,1
DA:19,1
DA:21,1
DA:28,1
DA:30,7
DA:31,6
DA:32,6
DA:33,6
DA:34,6
DA:35,6
DA:36,6
DA:37,6
DA:38,6
DA:40,6
DA:41,0
DA:42,0
DA:43,0
DA:46,0
DA:47,0
DA:50,6
DA:51,0
DA:52,0
DA:55,6
DA:57,6
DA:76,6
DA:77,6
DA:84,6
DA:85,6
DA:93,6
DA:95,6
DA:107,6
DA:108,0
DA:111,6
DA:124,6
DA:144,0
DA:145,0
DA:152,1
LF:47
LH:37
BRDA:55,0,0,0
BRDA:119,1,0,0
BRDA:119,1,1,6
BRDA:123,2,0,0
BRDA:123,2,1,6
BRDA:126,3,0,0
BRDA:126,3,1,6
BRDA:133,4,0,6
BRDA:133,4,1,0
BRDA:134,5,0,6
BRDA:134,5,1,6
BRDA:134,5,2,0
BRDA:139,6,0,6
BRDA:139,6,1,0
BRF:14
BRH:7
end_of_record
TN:
SF:src\components\ComplexComponents\LessonList\styles.tsx
FN:5,(anonymous_8)
FN:11,(anonymous_9)
FNF:2
FNH:1
FNDA:6,(anonymous_8)
FNDA:0,(anonymous_9)
DA:1,1
DA:2,1
DA:4,1
DA:5,6
DA:10,1
DA:11,0
LF:6
LH:5
BRDA:4,0,0,1
BRDA:4,0,1,1
BRDA:5,1,0,6
BRDA:5,1,1,1
BRDA:10,2,0,1
BRDA:10,2,1,1
BRDA:11,3,0,0
BRDA:11,3,1,0
BRDA:12,4,0,0
BRDA:12,4,1,0
BRDA:18,5,0,0
BRDA:18,5,1,0
BRF:12
BRH:6
end_of_record
TN:
SF:src\components\ComplexComponents\LessonReview\index.tsx
FN:30,(anonymous_22)
FN:49,(anonymous_23)
FN:68,(anonymous_24)
FN:68,(anonymous_25)
FN:75,(anonymous_27)
FN:80,(anonymous_28)
FN:90,(anonymous_29)
FN:94,(anonymous_30)
FN:98,(anonymous_31)
FN:105,(anonymous_32)
FN:109,(anonymous_33)
FN:141,(anonymous_34)
FN:145,(anonymous_35)
FN:181,(anonymous_36)
FN:185,(anonymous_37)
FN:209,(anonymous_38)
FN:210,ODataLessonReview
FNF:17
FNH:5
FNDA:4,(anonymous_22)
FNDA:9,(anonymous_23)
FNDA:0,(anonymous_24)
FNDA:0,(anonymous_25)
FNDA:0,(anonymous_27)
FNDA:0,(anonymous_28)
FNDA:0,(anonymous_29)
FNDA:0,(anonymous_30)
FNDA:0,(anonymous_31)
FNDA:0,(anonymous_32)
FNDA:4,(anonymous_33)
FNDA:0,(anonymous_34)
FNDA:0,(anonymous_35)
FNDA:0,(anonymous_36)
FNDA:0,(anonymous_37)
FNDA:1,(anonymous_38)
FNDA:5,ODataLessonReview
DA:1,1
DA:2,1
DA:3,1
DA:4,1
DA:8,1
DA:9,1
DA:10,1
DA:11,1
DA:13,1
DA:14,1
DA:15,1
DA:16,1
DA:17,1
DA:18,1
DA:19,1
DA:20,1
DA:21,1
DA:22,1
DA:23,1
DA:30,1
DA:31,4
DA:32,0
DA:34,0
DA:36,0
DA:38,0
DA:40,0
DA:42,0
DA:45,0
DA:49,9
DA:50,8
DA:51,8
DA:53,8
DA:54,8
DA:55,8
DA:56,8
DA:57,8
DA:58,8
DA:59,8
DA:60,8
DA:61,8
DA:62,8
DA:63,8
DA:64,8
DA:65,8
DA:66,8
DA:68,8
DA:69,0
DA:74,0
DA:75,0
DA:77,0
DA:80,8
DA:81,0
DA:83,0
DA:84,0
DA:90,8
DA:91,0
DA:94,8
DA:95,0
DA:98,8
DA:99,0
DA:105,8
DA:106,0
DA:109,8
DA:110,4
DA:111,4
DA:114,8
DA:116,4
DA:141,0
DA:145,0
DA:182,0
DA:185,0
DA:209,1
DA:210,1
DA:211,5
DA:218,1
LF:75
LH:53
BRDA:31,0,0,4
BRDA:32,1,0,0
BRDA:32,1,1,0
BRDA:32,1,2,0
BRDA:32,1,3,0
BRDA:32,1,4,0
BRDA:32,1,5,0
BRDA:32,1,6,0
BRDA:77,2,0,0
BRDA:83,3,0,0
BRDA:85,4,0,0
BRDA:85,4,1,0
BRDA:114,5,0,4
BRDA:114,6,0,8
BRDA:114,6,1,4
BRDA:136,7,0,4
BRDA:136,7,1,0
BRDA:136,8,0,4
BRDA:136,8,1,4
BRDA:186,9,0,0
BRDA:186,9,1,0
BRDA:186,10,0,0
BRDA:186,10,1,0
BRDA:199,11,0,4
BRDA:199,11,1,0
BRDA:199,12,0,4
BRDA:199,12,1,4
BRF:27
BRH:10
end_of_record
TN:
SF:src\components\ComplexComponents\LessonReview\styles.ts
FN:13,(anonymous_7)
FN:26,(anonymous_8)
FN:42,(anonymous_9)
FN:55,(anonymous_10)
FN:70,(anonymous_11)
FN:80,(anonymous_12)
FN:93,(anonymous_13)
FN:128,(anonymous_14)
FN:167,(anonymous_15)
FN:187,(anonymous_16)
FN:199,(anonymous_17)
FN:210,(anonymous_18)
FN:249,(anonymous_19)
FN:273,(anonymous_20)
FNF:14
FNH:10
FNDA:4,(anonymous_7)
FNDA:4,(anonymous_8)
FNDA:4,(anonymous_9)
FNDA:0,(anonymous_10)
FNDA:4,(anonymous_11)
FNDA:4,(anonymous_12)
FNDA:0,(anonymous_13)
FNDA:0,(anonymous_14)
FNDA:0,(anonymous_15)
FNDA:12,(anonymous_16)
FNDA:8,(anonymous_17)
FNDA:4,(anonymous_18)
FNDA:4,(anonymous_19)
FNDA:4,(anonymous_20)
DA:1,1
DA:2,1
DA:3,1
DA:4,1
DA:6,1
DA:12,1
DA:13,4
DA:25,1
DA:26,4
DA:41,1
DA:42,4
DA:54,1
DA:55,0
DA:69,1
DA:70,4
DA:79,1
DA:80,4
DA:92,1
DA:93,0
DA:127,1
DA:128,0
DA:142,1
DA:144,1
DA:155,1
DA:166,1
DA:167,0
DA:186,1
DA:187,12
DA:198,1
DA:199,8
DA:209,1
DA:210,4
DA:248,1
DA:249,4
DA:272,1
DA:273,4
DA:286,1
LF:37
LH:33
BRDA:12,0,0,1
BRDA:12,0,1,1
BRDA:13,1,0,4
BRDA:13,1,1,1
BRDA:25,2,0,1
BRDA:25,2,1,1
BRDA:26,3,0,4
BRDA:26,3,1,1
BRDA:34,4,0,4
BRDA:34,4,1,1
BRDA:41,5,0,1
BRDA:41,5,1,1
BRDA:42,6,0,4
BRDA:42,6,1,1
BRDA:47,7,0,4
BRDA:47,7,1,1
BRDA:54,8,0,1
BRDA:54,8,1,1
BRDA:55,9,0,0
BRDA:55,9,1,0
BRDA:69,10,0,1
BRDA:69,10,1,1
BRDA:70,11,0,4
BRDA:70,11,1,1
BRDA:79,12,0,1
BRDA:79,12,1,1
BRDA:80,13,0,4
BRDA:80,13,1,1
BRDA:92,14,0,1
BRDA:92,14,1,1
BRDA:93,15,0,0
BRDA:93,15,1,0
BRDA:110,16,0,0
BRDA:110,16,1,0
BRDA:115,17,0,0
BRDA:115,17,1,0
BRDA:127,18,0,1
BRDA:127,18,1,1
BRDA:128,19,0,0
BRDA:128,19,1,0
BRDA:136,20,0,0
BRDA:136,20,1,0
BRDA:142,21,0,1
BRDA:142,21,1,1
BRDA:144,22,0,1
BRDA:144,22,1,1
BRDA:155,23,0,1
BRDA:155,23,1,1
BRDA:166,24,0,1
BRDA:166,24,1,1
BRDA:167,25,0,0
BRDA:167,25,1,0
BRDA:186,26,0,1
BRDA:186,26,1,1
BRDA:187,27,0,12
BRDA:187,27,1,1
BRDA:198,28,0,1
BRDA:198,28,1,1
BRDA:199,29,0,8
BRDA:199,29,1,1
BRDA:209,30,0,1
BRDA:209,30,1,1
BRDA:210,31,0,4
BRDA:210,31,1,1
BRDA:240,32,0,4
BRDA:240,32,1,1
BRDA:248,33,0,1
BRDA:248,33,1,1
BRDA:249,34,0,4
BRDA:249,34,1,1
BRDA:272,35,0,1
BRDA:272,35,1,1
BRDA:273,36,0,4
BRDA:273,36,1,1
BRDA:276,37,0,4
BRDA:276,37,1,0
BRDA:279,38,0,4
BRDA:279,38,1,1
BRDA:286,39,0,1
BRDA:286,39,1,1
BRDA:293,40,0,1
BRDA:293,40,1,1
BRDA:297,41,0,1
BRDA:297,41,1,1
BRF:84
BRH:69
end_of_record
TN:
SF:src\components\ComplexComponents\LoginForm\form.schema.ts
FNF:0
FNH:0
DA:1,1
DA:3,1
DA:33,1
LF:3
LH:3
BRF:0
BRH:0
end_of_record
TN:
SF:src\components\ComplexComponents\LoginForm\index.tsx
FN:18,(anonymous_20)
FN:30,(anonymous_21)
FN:49,(anonymous_24)
FNF:3
FNH:1
FNDA:4,(anonymous_20)
FNDA:0,(anonymous_21)
FNDA:0,(anonymous_24)
DA:1,1
DA:2,1
DA:3,1
DA:4,1
DA:6,1
DA:8,1
DA:10,1
DA:18,1
DA:19,4
DA:20,3
DA:21,3
DA:23,3
DA:24,3
DA:25,3
DA:30,3
DA:31,0
DA:34,3
DA:49,0
DA:65,1
LF:19
LH:17
BRDA:21,0,0,1
BRDA:21,0,1,2
BRDA:36,1,0,3
BRDA:36,1,1,2
BRF:4
BRH:4
end_of_record
TN:
SF:src\components\ComplexComponents\LoginForm\styles.tsx
FN:5,(anonymous_7)
FN:18,(anonymous_8)
FNF:2
FNH:1
FNDA:3,(anonymous_7)
FNDA:0,(anonymous_8)
DA:1,1
DA:2,1
DA:4,1
DA:5,3
DA:17,1
DA:18,0
LF:6
LH:5
BRDA:4,0,0,1
BRDA:4,0,1,1
BRDA:5,1,0,3
BRDA:5,1,1,1
BRDA:17,2,0,1
BRDA:17,2,1,1
BRDA:18,3,0,0
BRDA:18,3,1,0
BRF:8
BRH:6
end_of_record
TN:
SF:src\components\ComplexComponents\Menu\MenuComponent.tsx
FN:19,MenuComponent
FN:33,(anonymous_8)
FN:37,(anonymous_9)
FN:38,(anonymous_10)
FN:44,(anonymous_11)
FN:49,(anonymous_12)
FN:53,(anonymous_13)
FN:54,(anonymous_14)
FN:60,(anonymous_15)
FN:65,(anonymous_16)
FN:66,(anonymous_17)
FN:70,(anonymous_18)
FN:79,(anonymous_19)
FN:82,(anonymous_20)
FN:83,(anonymous_21)
FN:90,(anonymous_22)
FN:116,(anonymous_23)
FNF:17
FNH:17
FNDA:136,MenuComponent
FNDA:133,(anonymous_8)
FNDA:133,(anonymous_9)
FNDA:1,(anonymous_10)
FNDA:133,(anonymous_11)
FNDA:133,(anonymous_12)
FNDA:133,(anonymous_13)
FNDA:1,(anonymous_14)
FNDA:133,(anonymous_15)
FNDA:132,(anonymous_16)
FNDA:16,(anonymous_17)
FNDA:132,(anonymous_18)
FNDA:879,(anonymous_19)
FNDA:755,(anonymous_20)
FNDA:879,(anonymous_21)
FNDA:1,(anonymous_22)
FNDA:631,(anonymous_23)
DA:1,2
DA:2,2
DA:3,2
DA:4,2
DA:5,2
DA:7,2
DA:8,2
DA:10,2
DA:12,2
DA:19,2
DA:20,136
DA:21,134
DA:23,134
DA:24,134
DA:25,134
DA:26,134
DA:28,134
DA:30,134
DA:31,134
DA:33,134
DA:34,133
DA:37,134
DA:38,133
DA:39,1
DA:42,133
DA:44,133
DA:45,133
DA:49,134
DA:50,133
DA:53,134
DA:54,133
DA:55,1
DA:58,133
DA:60,133
DA:61,133
DA:65,134
DA:66,132
DA:67,16
DA:69,132
DA:70,132
DA:71,132
DA:75,134
DA:77,134
DA:78,134
DA:79,879
DA:82,755
DA:83,879
DA:85,134
DA:90,1
DA:117,631
DA:118,631
DA:119,631
DA:120,631
DA:121,631
DA:122,631
DA:123,631
DA:124,631
LF:57
LH:57
BRDA:20,0,0,0
BRDA:20,0,1,134
BRDA:67,1,0,0
BRDA:75,2,0,0
BRDA:79,3,0,879
BRDA:79,3,1,755
BRDA:79,4,0,0
BRDA:79,4,1,879
BRDA:79,5,0,879
BRDA:79,5,1,879
BRDA:79,6,0,0
BRDA:79,6,1,755
BRDA:79,7,0,755
BRDA:79,7,1,755
BRDA:82,8,0,0
BRDA:82,8,1,755
BRDA:82,9,0,755
BRDA:82,9,1,755
BRDA:83,10,0,0
BRDA:83,10,1,879
BRDA:83,11,0,879
BRDA:83,11,1,879
BRDA:100,12,0,0
BRDA:100,12,1,134
BRDA:127,13,0,631
BRDA:127,13,1,0
BRDA:128,14,0,631
BRDA:128,14,1,0
BRDA:147,15,0,134
BRDA:147,15,1,10
BRDA:147,16,0,0
BRDA:147,16,1,134
BRDA:147,17,0,10
BRDA:147,17,1,124
BRDA:147,18,0,134
BRDA:147,18,1,134
BRDA:148,19,0,0
BRDA:148,19,1,0
BRDA:148,20,0,0
BRDA:148,20,1,0
BRDA:149,21,0,10
BRDA:149,21,1,124
BRDA:149,22,0,134
BRDA:149,22,1,134
BRDA:151,23,0,0
BRDA:151,23,1,134
BRDA:151,24,0,10
BRDA:151,24,1,124
BRDA:151,25,0,134
BRDA:151,25,1,134
BRDA:154,26,0,10
BRDA:154,26,1,124
BRDA:154,27,0,134
BRDA:154,27,1,134
BRDA:155,28,0,10
BRDA:155,28,1,124
BRDA:155,29,0,134
BRDA:155,29,1,134
BRDA:157,30,0,10
BRDA:157,30,1,124
BRDA:157,31,0,134
BRDA:157,31,1,134
BRDA:158,32,0,10
BRDA:158,32,1,124
BRDA:158,33,0,134
BRDA:158,33,1,134
BRDA:160,34,0,10
BRDA:160,34,1,124
BRDA:160,35,0,134
BRDA:160,35,1,134
BRDA:171,36,0,134
BRDA:171,36,1,10
BRDA:171,37,0,124
BRDA:171,37,1,10
BRDA:171,38,0,10
BRDA:171,38,1,124
BRDA:171,39,0,134
BRDA:171,39,1,134
BRDA:172,40,0,0
BRDA:172,40,1,124
BRDA:172,41,0,124
BRDA:172,41,1,124
BRDA:173,42,0,10
BRDA:173,42,1,0
BRDA:173,43,0,10
BRDA:173,43,1,10
BRDA:175,44,0,124
BRDA:175,44,1,10
BRDA:175,45,0,10
BRDA:175,45,1,124
BRDA:175,46,0,134
BRDA:175,46,1,134
BRDA:178,47,0,10
BRDA:178,47,1,124
BRDA:178,48,0,134
BRDA:178,48,1,134
BRDA:179,49,0,10
BRDA:179,49,1,124
BRDA:179,50,0,134
BRDA:179,50,1,134
BRDA:181,51,0,10
BRDA:181,51,1,124
BRDA:181,52,0,134
BRDA:181,52,1,134
BRDA:182,53,0,10
BRDA:182,53,1,124
BRDA:182,54,0,134
BRDA:182,54,1,134
BRDA:183,55,0,10
BRDA:183,55,1,124
BRDA:183,56,0,134
BRDA:183,56,1,134
BRF:112
BRH:94
end_of_record
TN:
SF:src\components\ComplexComponents\Menu\index.tsx
FN:17,(anonymous_7)
FN:26,(anonymous_8)
FN:27,(anonymous_9)
FN:33,(anonymous_10)
FN:38,(anonymous_11)
FN:39,(anonymous_12)
FN:45,(anonymous_13)
FN:50,(anonymous_14)
FN:51,(anonymous_15)
FN:55,(anonymous_16)
FN:60,(anonymous_17)
FNF:11
FNH:10
FNDA:267,(anonymous_7)
FNDA:133,(anonymous_8)
FNDA:1,(anonymous_9)
FNDA:133,(anonymous_10)
FNDA:133,(anonymous_11)
FNDA:1,(anonymous_12)
FNDA:133,(anonymous_13)
FNDA:132,(anonymous_14)
FNDA:16,(anonymous_15)
FNDA:132,(anonymous_16)
FNDA:0,(anonymous_17)
DA:1,2
DA:2,2
DA:3,2
DA:4,2
DA:6,2
DA:7,2
DA:9,2
DA:10,2
DA:17,267
DA:18,265
DA:19,265
DA:20,265
DA:22,265
DA:24,265
DA:26,265
DA:27,133
DA:28,1
DA:31,133
DA:33,133
DA:34,133
DA:38,265
DA:39,133
DA:40,1
DA:43,133
DA:45,133
DA:46,133
DA:50,265
DA:51,132
DA:52,16
DA:54,132
DA:55,132
DA:56,132
DA:60,265
DA:61,0
DA:62,0
DA:65,265
DA:67,133
DA:91,2
LF:38
LH:36
BRDA:17,0,0,0
BRDA:17,0,1,265
BRDA:52,1,0,0
BRDA:65,2,0,132
BRDA:70,3,0,133
BRDA:70,3,1,0
BRF:6
BRH:3
end_of_record
TN:
SF:src\components\ComplexComponents\Menu\menu.list.tsx
FN:13,(anonymous_2)
FN:26,(anonymous_3)
FN:110,(anonymous_4)
FN:116,(anonymous_5)
FN:117,(anonymous_6)
FN:118,(anonymous_7)
FN:124,(anonymous_8)
FN:130,(anonymous_9)
FN:131,(anonymous_10)
FN:132,(anonymous_11)
FNF:10
FNH:6
FNDA:2,(anonymous_2)
FNDA:134,(anonymous_3)
FNDA:134,(anonymous_4)
FNDA:1072,(anonymous_5)
FNDA:1072,(anonymous_6)
FNDA:879,(anonymous_7)
FNDA:0,(anonymous_8)
FNDA:0,(anonymous_9)
FNDA:0,(anonymous_10)
FNDA:0,(anonymous_11)
DA:1,2
DA:2,2
DA:3,2
DA:4,2
DA:5,2
DA:6,2
DA:7,2
DA:8,2
DA:9,2
DA:10,2
DA:11,2
DA:13,2
DA:14,2
DA:15,2
DA:18,2
DA:19,2
DA:26,134
DA:110,2
DA:115,134
DA:116,1072
DA:117,1072
DA:118,879
DA:124,2
DA:129,0
DA:130,0
DA:131,0
DA:132,0
DA:138,2
LF:28
LH:24
BRDA:13,0,0,2
BRDA:13,0,1,2
BRF:2
BRH:2
end_of_record
TN:
SF:src\components\ComplexComponents\Menu\styles.ts
FN:9,(anonymous_8)
FN:37,(anonymous_9)
FN:45,(anonymous_10)
FN:52,(anonymous_11)
FN:91,(anonymous_12)
FN:112,(anonymous_13)
FN:126,(anonymous_14)
FN:151,(anonymous_15)
FN:178,(anonymous_16)
FN:200,(anonymous_17)
FN:213,(anonymous_18)
FN:223,(anonymous_19)
FN:239,(anonymous_20)
FN:261,(anonymous_21)
FN:290,(anonymous_22)
FNF:15
FNH:14
FNDA:77,(anonymous_8)
FNDA:134,(anonymous_9)
FNDA:402,(anonymous_10)
FNDA:133,(anonymous_11)
FNDA:134,(anonymous_12)
FNDA:536,(anonymous_13)
FNDA:2009,(anonymous_14)
FNDA:77,(anonymous_15)
FNDA:402,(anonymous_16)
FNDA:134,(anonymous_17)
FNDA:0,(anonymous_18)
FNDA:134,(anonymous_19)
FNDA:134,(anonymous_20)
FNDA:765,(anonymous_21)
FNDA:134,(anonymous_22)
DA:1,2
DA:2,2
DA:8,2
DA:9,77
DA:36,2
DA:37,134
DA:44,2
DA:45,402
DA:51,2
DA:52,133
DA:90,2
DA:91,134
DA:102,2
DA:111,2
DA:112,536
DA:125,2
DA:126,2009
DA:150,2
DA:151,77
DA:177,2
DA:178,402
DA:199,2
DA:200,134
DA:212,2
DA:213,0
DA:222,2
DA:223,134
DA:238,2
DA:239,134
DA:260,2
DA:261,765
DA:289,2
DA:290,134
LF:33
LH:32
BRDA:8,0,0,2
BRDA:8,0,1,2
BRDA:9,1,0,77
BRDA:9,1,1,1
BRDA:10,2,0,0
BRDA:10,2,1,77
BRDA:36,3,0,2
BRDA:36,3,1,2
BRDA:37,4,0,134
BRDA:37,4,1,2
BRDA:44,5,0,2
BRDA:44,5,1,2
BRDA:45,6,0,402
BRDA:45,6,1,2
BRDA:51,7,0,2
BRDA:51,7,1,2
BRDA:52,8,0,133
BRDA:52,8,1,2
BRDA:79,9,0,133
BRDA:79,9,1,2
BRDA:90,10,0,2
BRDA:90,10,1,2
BRDA:91,11,0,134
BRDA:91,11,1,2
BRDA:102,12,0,2
BRDA:102,12,1,2
BRDA:111,13,0,2
BRDA:111,13,1,2
BRDA:112,14,0,402
BRDA:112,14,1,134
BRDA:112,15,0,536
BRDA:112,15,1,2
BRDA:116,16,0,402
BRDA:116,16,1,134
BRDA:125,17,0,2
BRDA:125,17,1,2
BRDA:126,18,0,2009
BRDA:126,18,1,2
BRDA:127,19,0,77
BRDA:127,19,1,1932
BRDA:128,20,0,77
BRDA:128,20,1,1932
BRDA:131,21,0,2009
BRDA:131,21,1,899
BRDA:140,22,0,77
BRDA:140,22,1,1932
BRDA:141,23,0,77
BRDA:141,23,1,1932
BRDA:150,24,0,2
BRDA:150,24,1,2
BRDA:151,25,0,77
BRDA:151,25,1,1
BRDA:159,26,0,0
BRDA:159,26,1,77
BRDA:160,27,0,0
BRDA:160,27,1,77
BRDA:177,28,0,2
BRDA:177,28,1,2
BRDA:178,29,0,268
BRDA:178,29,1,134
BRDA:178,30,0,402
BRDA:178,30,1,2
BRDA:188,31,0,134
BRDA:188,31,1,268
BRDA:190,32,0,402
BRDA:190,32,1,2
BRDA:199,33,0,2
BRDA:199,33,1,2
BRDA:200,34,0,134
BRDA:200,34,1,2
BRDA:212,35,0,2
BRDA:212,35,1,2
BRDA:213,36,0,0
BRDA:213,36,1,0
BRDA:222,37,0,2
BRDA:222,37,1,2
BRDA:223,38,0,134
BRDA:223,38,1,2
BRDA:238,39,0,2
BRDA:238,39,1,2
BRDA:239,40,0,134
BRDA:239,40,1,2
BRDA:260,41,0,2
BRDA:260,41,1,2
BRDA:261,42,0,765
BRDA:261,42,1,2
BRDA:279,43,0,1
BRDA:279,43,1,764
BRDA:289,44,0,2
BRDA:289,44,1,2
BRDA:290,45,0,134
BRDA:290,45,1,2
BRDA:308,46,0,0
BRDA:308,46,1,134
BRF:94
BRH:88
end_of_record
TN:
SF:src\components\ComplexComponents\ModalAddCards\index.tsx
FN:22,(anonymous_7)
FN:41,(anonymous_8)
FN:49,(anonymous_9)
FN:58,(anonymous_10)
FN:65,(anonymous_11)
FNF:5
FNH:4
FNDA:28,(anonymous_7)
FNDA:1,(anonymous_8)
FNDA:0,(anonymous_9)
FNDA:3,(anonymous_10)
FNDA:1,(anonymous_11)
DA:1,3
DA:2,3
DA:4,3
DA:5,3
DA:6,3
DA:7,3
DA:8,3
DA:9,3
DA:11,3
DA:22,3
DA:23,28
DA:24,25
DA:25,25
DA:26,25
DA:27,25
DA:28,25
DA:30,25
DA:31,25
DA:33,25
DA:41,1
DA:50,0
DA:51,0
DA:58,3
DA:65,1
DA:77,3
LF:25
LH:23
BRDA:28,0,0,10
BRDA:28,0,1,15
BRDA:50,1,0,0
BRDA:50,1,1,0
BRDA:50,2,0,0
BRDA:50,2,1,0
BRDA:51,3,0,0
BRDA:51,3,1,0
BRDA:51,4,0,0
BRDA:51,4,1,0
BRF:10
BRH:2
end_of_record
TN:
SF:src\components\ComplexComponents\ModalAddCards\styles.ts
FN:6,(anonymous_8)
FN:28,(anonymous_9)
FN:50,(anonymous_10)
FN:61,(anonymous_11)
FN:106,(anonymous_12)
FN:128,(anonymous_13)
FN:150,(anonymous_14)
FN:161,(anonymous_15)
FNF:8
FNH:5
FNDA:25,(anonymous_8)
FNDA:25,(anonymous_9)
FNDA:25,(anonymous_10)
FNDA:25,(anonymous_11)
FNDA:25,(anonymous_12)
FNDA:0,(anonymous_13)
FNDA:0,(anonymous_14)
FNDA:0,(anonymous_15)
DA:1,3
DA:2,3
DA:3,3
DA:5,3
DA:6,25
DA:27,3
DA:28,25
DA:49,3
DA:50,25
DA:60,3
DA:61,25
DA:90,3
DA:105,3
DA:106,25
DA:118,3
DA:127,3
DA:128,0
DA:149,3
DA:150,0
DA:160,3
DA:161,0
LF:21
LH:18
BRDA:5,0,0,3
BRDA:5,0,1,3
BRDA:6,1,0,25
BRDA:6,1,1,3
BRDA:17,2,0,25
BRDA:17,2,1,3
BRDA:27,3,0,3
BRDA:27,3,1,3
BRDA:28,4,0,25
BRDA:28,4,1,3
BRDA:36,5,0,25
BRDA:36,5,1,3
BRDA:42,6,0,25
BRDA:42,6,1,3
BRDA:49,7,0,3
BRDA:49,7,1,3
BRDA:50,8,0,25
BRDA:50,8,1,3
BRDA:60,9,0,3
BRDA:60,9,1,3
BRDA:61,10,0,25
BRDA:61,10,1,3
BRDA:82,11,0,25
BRDA:82,11,1,3
BRDA:90,12,0,3
BRDA:90,12,1,3
BRDA:96,13,0,3
BRDA:96,13,1,3
BRDA:100,14,0,3
BRDA:100,14,1,3
BRDA:105,15,0,3
BRDA:105,15,1,3
BRDA:106,16,0,25
BRDA:106,16,1,3
BRDA:110,17,0,25
BRDA:110,17,1,3
BRDA:118,18,0,3
BRDA:118,18,1,3
BRDA:127,19,0,3
BRDA:127,19,1,3
BRDA:128,20,0,0
BRDA:128,20,1,0
BRDA:134,21,0,0
BRDA:134,21,1,0
BRDA:149,22,0,3
BRDA:149,22,1,3
BRDA:150,23,0,0
BRDA:150,23,1,0
BRDA:160,24,0,3
BRDA:160,24,1,3
BRDA:161,25,0,0
BRDA:161,25,1,0
BRF:52
BRH:44
end_of_record
TN:
SF:src\components\ComplexComponents\ModalAddCards\lessons\detail.tsx
FN:13,(anonymous_7)
FNF:1
FNH:0
FNDA:0,(anonymous_7)
DA:1,1
DA:2,1
DA:4,1
DA:7,1
DA:13,1
DA:14,0
DA:15,0
DA:16,0
DA:18,0
DA:20,0
DA:63,1
LF:11
LH:6
BRF:0
BRH:0
end_of_record
TN:
SF:src\components\ComplexComponents\ModalAddCards\lessons\index.tsx
FN:24,(anonymous_22)
FN:39,(anonymous_23)
FN:48,(anonymous_24)
FN:48,(anonymous_25)
FN:75,(anonymous_27)
FN:80,(anonymous_28)
FN:91,(anonymous_29)
FN:101,(anonymous_30)
FN:109,(anonymous_31)
FN:115,(anonymous_32)
FN:115,(anonymous_33)
FNF:11
FNH:4
FNDA:4,(anonymous_22)
FNDA:3,(anonymous_23)
FNDA:0,(anonymous_24)
FNDA:0,(anonymous_25)
FNDA:0,(anonymous_27)
FNDA:0,(anonymous_28)
FNDA:0,(anonymous_29)
FNDA:0,(anonymous_30)
FNDA:0,(anonymous_31)
FNDA:1,(anonymous_32)
FNDA:1,(anonymous_33)
DA:1,1
DA:2,1
DA:3,1
DA:4,1
DA:5,1
DA:7,1
DA:8,1
DA:11,1
DA:12,1
DA:14,1
DA:21,1
DA:22,1
DA:24,1
DA:25,4
DA:26,3
DA:28,3
DA:29,3
DA:31,3
DA:32,3
DA:33,3
DA:34,3
DA:35,3
DA:36,3
DA:38,3
DA:40,3
DA:47,3
DA:48,0
DA:49,0
DA:50,0
DA:51,0
DA:53,0
DA:55,0
DA:56,0
DA:60,0
DA:63,0
DA:75,3
DA:79,0
DA:80,0
DA:85,0
DA:86,0
DA:87,0
DA:88,0
DA:91,3
DA:92,0
DA:93,0
DA:95,0
DA:96,0
DA:97,0
DA:98,0
DA:101,3
DA:102,0
DA:103,0
DA:105,0
DA:106,0
DA:109,3
DA:110,0
DA:111,0
DA:112,0
DA:115,3
DA:116,1
DA:117,1
DA:118,1
DA:121,0
DA:128,0
DA:129,0
DA:132,3
DA:155,1
LF:67
LH:36
BRDA:63,0,0,0
BRDA:55,1,0,0
BRDA:60,2,0,0
BRDA:60,2,1,0
BRDA:60,3,0,0
BRDA:60,3,1,0
BRDA:60,4,0,0
BRDA:60,4,1,0
BRDA:67,5,0,0
BRDA:67,5,1,0
BRDA:67,5,2,0
BRDA:103,6,0,0
BRDA:112,7,0,0
BRDA:112,7,1,0
BRDA:116,8,0,1
BRF:15
BRH:1
end_of_record
TN:
SF:src\components\ComplexComponents\ModalAddCards\lessons\list.tsx
FN:38,(anonymous_10)
FN:55,(anonymous_11)
FNF:2
FNH:1
FNDA:7,(anonymous_10)
FNDA:0,(anonymous_11)
DA:1,1
DA:2,1
DA:3,1
DA:5,1
DA:9,1
DA:10,1
DA:11,1
DA:12,1
DA:14,1
DA:24,1
DA:38,1
DA:39,7
DA:40,6
DA:42,6
DA:43,6
DA:45,6
DA:55,0
DA:79,1
LF:18
LH:17
BRDA:64,0,0,6
BRDA:64,0,1,6
BRF:2
BRH:2
end_of_record
TN:
SF:src\components\ComplexComponents\ModalAddCards\teams\detail.tsx
FN:13,(anonymous_7)
FNF:1
FNH:0
FNDA:0,(anonymous_7)
DA:1,1
DA:2,1
DA:4,1
DA:7,1
DA:13,1
DA:14,0
DA:15,0
DA:16,0
DA:18,0
DA:20,0
DA:72,1
LF:11
LH:6
BRDA:42,0,0,0
BRDA:42,0,1,0
BRDA:42,1,0,0
BRDA:42,1,1,0
BRDA:51,2,0,0
BRDA:51,2,1,0
BRDA:51,3,0,0
BRDA:51,3,1,0
BRF:8
BRH:0
end_of_record
TN:
SF:src\components\ComplexComponents\ModalAddCards\teams\index.tsx
FN:24,(anonymous_22)
FN:39,(anonymous_23)
FN:48,(anonymous_24)
FN:48,(anonymous_25)
FN:75,(anonymous_27)
FN:80,(anonymous_28)
FN:91,(anonymous_29)
FN:101,(anonymous_30)
FN:109,(anonymous_31)
FN:115,(anonymous_32)
FN:115,(anonymous_33)
FNF:11
FNH:4
FNDA:4,(anonymous_22)
FNDA:3,(anonymous_23)
FNDA:0,(anonymous_24)
FNDA:0,(anonymous_25)
FNDA:0,(anonymous_27)
FNDA:0,(anonymous_28)
FNDA:0,(anonymous_29)
FNDA:0,(anonymous_30)
FNDA:0,(anonymous_31)
FNDA:1,(anonymous_32)
FNDA:1,(anonymous_33)
DA:1,1
DA:2,1
DA:3,1
DA:4,1
DA:5,1
DA:7,1
DA:8,1
DA:11,1
DA:12,1
DA:14,1
DA:21,1
DA:22,1
DA:24,1
DA:25,4
DA:26,3
DA:28,3
DA:29,3
DA:31,3
DA:32,3
DA:33,3
DA:34,3
DA:35,3
DA:36,3
DA:38,3
DA:40,3
DA:47,3
DA:48,0
DA:49,0
DA:50,0
DA:51,0
DA:53,0
DA:55,0
DA:56,0
DA:60,0
DA:63,0
DA:75,3
DA:79,0
DA:80,0
DA:85,0
DA:86,0
DA:87,0
DA:88,0
DA:91,3
DA:92,0
DA:93,0
DA:95,0
DA:96,0
DA:97,0
DA:98,0
DA:101,3
DA:102,0
DA:103,0
DA:105,0
DA:106,0
DA:109,3
DA:110,0
DA:111,0
DA:112,0
DA:115,3
DA:116,1
DA:117,1
DA:118,1
DA:121,0
DA:128,0
DA:129,0
DA:132,3
DA:155,1
LF:67
LH:36
BRDA:63,0,0,0
BRDA:55,1,0,0
BRDA:60,2,0,0
BRDA:60,2,1,0
BRDA:60,3,0,0
BRDA:60,3,1,0
BRDA:60,4,0,0
BRDA:60,4,1,0
BRDA:67,5,0,0
BRDA:67,5,1,0
BRDA:67,5,2,0
BRDA:103,6,0,0
BRDA:112,7,0,0
BRDA:112,7,1,0
BRDA:116,8,0,1
BRF:15
BRH:1
end_of_record
TN:
SF:src\components\ComplexComponents\ModalAddCards\teams\list.tsx
FN:46,(anonymous_10)
FN:62,(anonymous_11)
FNF:2
FNH:1
FNDA:7,(anonymous_10)
FNDA:0,(anonymous_11)
DA:1,1
DA:2,1
DA:3,1
DA:5,1
DA:9,1
DA:10,1
DA:11,1
DA:12,1
DA:14,1
DA:24,1
DA:46,1
DA:47,7
DA:48,6
DA:50,6
DA:51,6
DA:53,6
DA:62,0
DA:83,1
LF:18
LH:17
BRDA:68,0,0,6
BRDA:68,0,1,6
BRF:2
BRH:2
end_of_record
TN:
SF:src\components\ComplexComponents\ModalManageWithEmail\index.tsx
FN:30,(anonymous_20)
FN:42,(anonymous_21)
FN:65,(anonymous_24)
FN:86,(anonymous_27)
FN:90,(anonymous_28)
FN:119,(anonymous_29)
FN:125,(anonymous_30)
FN:138,(anonymous_31)
FNF:8
FNH:1
FNDA:3,(anonymous_20)
FNDA:0,(anonymous_21)
FNDA:0,(anonymous_24)
FNDA:0,(anonymous_27)
FNDA:0,(anonymous_28)
FNDA:0,(anonymous_29)
FNDA:0,(anonymous_30)
FNDA:0,(anonymous_31)
DA:1,1
DA:2,1
DA:4,1
DA:5,1
DA:6,1
DA:8,1
DA:9,1
DA:10,1
DA:11,1
DA:12,1
DA:16,1
DA:17,1
DA:18,1
DA:19,1
DA:20,1
DA:28,1
DA:30,1
DA:31,3
DA:32,2
DA:33,2
DA:35,2
DA:36,2
DA:37,2
DA:38,2
DA:39,2
DA:40,2
DA:42,2
DA:43,0
DA:44,0
DA:45,0
DA:50,0
DA:51,0
DA:54,0
DA:56,0
DA:57,0
DA:59,0
DA:60,0
DA:61,0
DA:65,2
DA:66,0
DA:67,0
DA:78,0
DA:80,0
DA:86,0
DA:87,0
DA:90,0
DA:91,0
DA:92,0
DA:96,2
DA:119,0
DA:125,0
DA:139,0
DA:140,0
DA:141,0
DA:150,1
LF:55
LH:30
BRDA:43,0,0,0
BRDA:56,1,0,0
BRDA:56,1,1,0
BRDA:110,2,0,2
BRDA:110,2,1,0
BRDA:132,3,0,2
BRDA:132,3,1,0
BRDA:132,3,2,0
BRF:8
BRH:2
end_of_record
TN:
SF:src\components\ComplexComponents\ModalManageWithEmail\styles.ts
FNF:0
FNH:0
DA:1,1
DA:2,1
DA:4,1
DA:11,1
DA:17,1
LF:5
LH:5
BRDA:4,0,0,1
BRDA:4,0,1,1
BRDA:11,1,0,1
BRDA:11,1,1,1
BRDA:17,2,0,1
BRDA:17,2,1,1
BRF:6
BRH:6
end_of_record
TN:
SF:src\components\ComplexComponents\PrivacySelector\index.tsx
FN:24,(anonymous_7)
FN:39,(anonymous_8)
FN:43,(anonymous_9)
FN:44,(anonymous_10)
FN:47,(anonymous_11)
FN:71,(anonymous_12)
FN:74,(anonymous_13)
FN:98,(anonymous_14)
FN:101,(anonymous_15)
FN:102,(anonymous_16)
FN:105,(anonymous_17)
FN:130,(anonymous_18)
FN:133,(anonymous_19)
FN:167,(anonymous_20)
FN:178,(anonymous_21)
FN:201,(anonymous_22)
FN:212,(anonymous_23)
FN:232,(anonymous_24)
FN:243,(anonymous_25)
FNF:19
FNH:7
FNDA:11,(anonymous_7)
FNDA:0,(anonymous_8)
FNDA:0,(anonymous_9)
FNDA:0,(anonymous_10)
FNDA:0,(anonymous_11)
FNDA:0,(anonymous_12)
FNDA:0,(anonymous_13)
FNDA:11,(anonymous_14)
FNDA:22,(anonymous_15)
FNDA:11,(anonymous_16)
FNDA:4,(anonymous_17)
FNDA:22,(anonymous_18)
FNDA:0,(anonymous_19)
FNDA:0,(anonymous_20)
FNDA:0,(anonymous_21)
FNDA:0,(anonymous_22)
FNDA:0,(anonymous_23)
FNDA:1,(anonymous_24)
FNDA:0,(anonymous_25)
DA:1,2
DA:2,2
DA:4,2
DA:5,2
DA:6,2
DA:8,2
DA:9,2
DA:10,2
DA:11,2
DA:13,2
DA:14,2
DA:15,2
DA:24,2
DA:25,11
DA:26,10
DA:27,10
DA:28,10
DA:30,10
DA:32,10
DA:33,10
DA:36,10
DA:37,10
DA:39,10
DA:40,0
DA:43,0
DA:44,0
DA:48,0
DA:71,0
DA:75,0
DA:76,0
DA:98,11
DA:101,22
DA:102,11
DA:106,4
DA:130,22
DA:134,0
DA:135,0
DA:156,10
DA:168,0
DA:169,0
DA:170,0
DA:178,0
DA:202,0
DA:203,0
DA:204,0
DA:212,0
DA:233,1
DA:234,1
DA:235,1
DA:243,0
DA:254,2
LF:51
LH:33
BRDA:25,0,0,0
BRDA:25,0,1,10
BRDA:87,1,0,0
BRDA:87,1,1,0
BRDA:146,2,0,22
BRDA:146,2,1,11
BRDA:156,3,0,0
BRDA:156,3,1,10
BRDA:163,4,0,0
BRDA:163,4,1,0
BRDA:168,5,0,0
BRDA:168,5,1,0
BRDA:168,6,0,0
BRDA:168,6,1,0
BRDA:168,7,0,0
BRDA:168,7,1,0
BRDA:186,8,0,0
BRDA:186,8,1,10
BRDA:193,9,0,0
BRDA:193,9,1,0
BRDA:202,10,0,0
BRDA:202,10,1,0
BRDA:202,11,0,0
BRDA:202,11,1,0
BRDA:202,12,0,0
BRDA:202,12,1,0
BRDA:228,13,0,0
BRDA:228,13,1,10
BRDA:233,14,0,1
BRDA:233,14,1,1
BRDA:233,15,0,0
BRDA:233,15,1,1
BRDA:233,16,0,1
BRDA:233,16,1,1
BRF:34
BRH:11
end_of_record
TN:
SF:src\components\ComplexComponents\PrivacySelector\selector.list.tsx
FN:9,(anonymous_2)
FN:78,(anonymous_3)
FN:80,(anonymous_4)
FN:81,(anonymous_5)
FN:88,(anonymous_6)
FN:90,(anonymous_7)
FN:91,(anonymous_8)
FNF:7
FNH:4
FNDA:22,(anonymous_2)
FNDA:0,(anonymous_3)
FNDA:0,(anonymous_4)
FNDA:0,(anonymous_5)
FNDA:22,(anonymous_6)
FNDA:132,(anonymous_7)
FNDA:44,(anonymous_8)
DA:1,2
DA:2,2
DA:3,2
DA:4,2
DA:6,2
DA:7,2
DA:9,22
DA:78,2
DA:79,0
DA:80,0
DA:81,0
DA:88,2
DA:89,22
DA:90,132
DA:91,44
DA:98,2
LF:16
LH:13
BRDA:80,0,0,0
BRDA:80,0,1,0
BRF:2
BRH:0
end_of_record
TN:
SF:src\components\ComplexComponents\PrivacySelector\styles.ts
FN:10,(anonymous_8)
FN:15,(anonymous_9)
FN:24,(anonymous_10)
FN:48,(anonymous_11)
FN:70,(anonymous_12)
FN:86,(anonymous_13)
FN:117,(anonymous_14)
FN:124,(anonymous_15)
FN:149,(anonymous_16)
FNF:9
FNH:8
FNDA:4,(anonymous_8)
FNDA:6,(anonymous_9)
FNDA:10,(anonymous_10)
FNDA:10,(anonymous_11)
FNDA:30,(anonymous_12)
FNDA:20,(anonymous_13)
FNDA:30,(anonymous_14)
FNDA:10,(anonymous_15)
FNDA:0,(anonymous_16)
DA:1,2
DA:2,2
DA:9,2
DA:10,4
DA:15,6
DA:23,2
DA:24,10
DA:47,2
DA:48,10
DA:69,2
DA:70,30
DA:85,2
DA:86,20
DA:116,2
DA:117,30
DA:123,2
DA:124,10
DA:148,2
DA:149,0
LF:19
LH:18
BRDA:10,0,0,4
BRDA:10,0,1,1
BRDA:15,1,0,6
BRDA:15,1,1,1
BRDA:23,2,0,2
BRDA:23,2,1,2
BRDA:24,3,0,10
BRDA:24,3,1,1
BRDA:35,4,0,0
BRDA:35,4,1,10
BRDA:43,5,0,4
BRDA:43,5,1,6
BRDA:47,6,0,2
BRDA:47,6,1,2
BRDA:48,7,0,10
BRDA:48,7,1,1
BRDA:52,8,0,10
BRDA:52,8,1,4
BRDA:53,9,0,10
BRDA:53,9,1,6
BRDA:69,10,0,2
BRDA:69,10,1,2
BRDA:70,11,0,30
BRDA:70,11,1,1
BRDA:85,12,0,2
BRDA:85,12,1,2
BRDA:86,13,0,20
BRDA:86,13,1,1
BRDA:87,14,0,10
BRDA:87,14,1,10
BRDA:111,15,0,20
BRDA:111,15,1,10
BRDA:116,16,0,2
BRDA:116,16,1,2
BRDA:117,17,0,30
BRDA:117,17,1,1
BRDA:123,18,0,2
BRDA:123,18,1,2
BRDA:124,19,0,10
BRDA:124,19,1,1
BRDA:137,20,0,10
BRDA:137,20,1,1
BRDA:148,21,0,2
BRDA:148,21,1,2
BRDA:149,22,0,0
BRDA:149,22,1,0
BRF:46
BRH:43
end_of_record
TN:
SF:src\components\ComplexComponents\ProductSelector\index.tsx
FN:21,(anonymous_20)
FN:38,(anonymous_21)
FN:39,(anonymous_22)
FN:43,(anonymous_23)
FN:45,(anonymous_24)
FN:50,(anonymous_25)
FN:56,(anonymous_26)
FN:58,(anonymous_27)
FN:63,(anonymous_28)
FN:68,(anonymous_29)
FN:79,(anonymous_30)
FN:83,(anonymous_31)
FN:94,(anonymous_34)
FN:99,(anonymous_35)
FN:106,(anonymous_36)
FN:112,(anonymous_37)
FN:113,(anonymous_38)
FN:117,(anonymous_39)
FN:121,(anonymous_40)
FN:131,(anonymous_41)
FN:136,(anonymous_42)
FN:138,(anonymous_43)
FN:141,(anonymous_44)
FN:148,(anonymous_45)
FN:148,(anonymous_46)
FN:149,(anonymous_47)
FN:165,(anonymous_48)
FN:169,(anonymous_49)
FN:170,(anonymous_50)
FN:178,(anonymous_51)
FN:203,(anonymous_52)
FN:270,(anonymous_53)
FN:284,(anonymous_54)
FNF:33
FNH:20
FNDA:24,(anonymous_20)
FNDA:3,(anonymous_21)
FNDA:0,(anonymous_22)
FNDA:6,(anonymous_23)
FNDA:9,(anonymous_24)
FNDA:10,(anonymous_25)
FNDA:7,(anonymous_26)
FNDA:1,(anonymous_27)
FNDA:10,(anonymous_28)
FNDA:0,(anonymous_29)
FNDA:3,(anonymous_30)
FNDA:6,(anonymous_31)
FNDA:12,(anonymous_34)
FNDA:12,(anonymous_35)
FNDA:1,(anonymous_36)
FNDA:0,(anonymous_37)
FNDA:0,(anonymous_38)
FNDA:0,(anonymous_39)
FNDA:0,(anonymous_40)
FNDA:1,(anonymous_41)
FNDA:0,(anonymous_42)
FNDA:0,(anonymous_43)
FNDA:0,(anonymous_44)
FNDA:25,(anonymous_45)
FNDA:1,(anonymous_46)
FNDA:1,(anonymous_47)
FNDA:0,(anonymous_48)
FNDA:0,(anonymous_49)
FNDA:0,(anonymous_50)
FNDA:15,(anonymous_51)
FNDA:5,(anonymous_52)
FNDA:0,(anonymous_53)
FNDA:10,(anonymous_54)
DA:1,1
DA:2,1
DA:3,1
DA:4,1
DA:5,1
DA:6,1
DA:7,1
DA:8,1
DA:9,1
DA:10,1
DA:12,1
DA:19,1
DA:21,24
DA:22,23
DA:23,23
DA:25,23
DA:26,23
DA:28,23
DA:30,23
DA:34,23
DA:38,23
DA:39,3
DA:42,23
DA:44,6
DA:45,9
DA:50,23
DA:51,10
DA:52,4
DA:55,23
DA:57,7
DA:58,1
DA:63,23
DA:64,10
DA:65,6
DA:68,4
DA:70,8
DA:71,4
DA:72,4
DA:76,0
DA:79,23
DA:80,3
DA:83,26
DA:84,3
DA:85,3
DA:86,3
DA:88,3
DA:90,3
DA:92,3
DA:94,12
DA:97,3
DA:99,12
DA:102,3
DA:105,23
DA:107,1
DA:112,23
DA:113,0
DA:114,0
DA:116,0
DA:117,0
DA:118,0
DA:121,0
DA:122,0
DA:126,0
DA:127,0
DA:131,23
DA:132,1
DA:135,23
DA:137,0
DA:138,0
DA:139,0
DA:141,0
DA:142,0
DA:148,25
DA:149,1
DA:150,1
DA:152,1
DA:153,0
DA:155,0
DA:157,1
DA:160,1
DA:161,1
DA:165,23
DA:166,0
DA:167,0
DA:169,0
DA:170,0
DA:174,23
DA:176,8
DA:179,15
DA:181,15
DA:205,5
DA:208,5
DA:270,0
DA:285,10
DA:317,1
LF:95
LH:73
BRDA:39,0,0,3
BRDA:39,0,1,0
BRDA:39,1,0,3
BRDA:39,1,1,3
BRDA:51,2,0,6
BRDA:52,3,0,0
BRDA:52,3,1,4
BRDA:52,4,0,4
BRDA:52,4,1,4
BRDA:64,5,0,6
BRDA:71,6,0,4
BRDA:116,7,0,0
BRDA:116,7,1,0
BRDA:152,8,0,0
BRDA:152,8,1,1
BRDA:153,9,0,0
BRDA:153,9,1,0
BRDA:166,10,0,0
BRDA:174,11,0,15
BRDA:183,12,0,15
BRDA:183,12,1,10
BRDA:193,13,0,15
BRDA:193,13,1,5
BRDA:210,14,0,5
BRDA:210,14,1,0
BRDA:227,15,0,5
BRDA:227,15,1,5
BRDA:230,16,0,5
BRDA:230,16,1,1
BRDA:246,17,0,5
BRDA:246,17,1,0
BRDA:258,18,0,1
BRDA:258,18,1,4
BRF:33
BRH:23
end_of_record
TN:
SF:src\components\ComplexComponents\ProductSelector\styles.ts
FN:23,(anonymous_8)
FN:49,(anonymous_9)
FN:68,(anonymous_10)
FN:79,(anonymous_11)
FN:90,(anonymous_12)
FN:109,(anonymous_13)
FNF:6
FNH:5
FNDA:35,(anonymous_8)
FNDA:5,(anonymous_9)
FNDA:5,(anonymous_10)
FNDA:5,(anonymous_11)
FNDA:5,(anonymous_12)
FNDA:0,(anonymous_13)
DA:1,1
DA:2,1
DA:4,1
DA:6,1
DA:22,1
DA:23,35
DA:48,1
DA:49,5
DA:67,1
DA:68,5
DA:78,1
DA:79,5
DA:89,1
DA:90,5
DA:108,1
DA:109,0
LF:16
LH:15
BRDA:4,0,0,1
BRDA:4,0,1,1
BRDA:6,1,0,1
BRDA:6,1,1,1
BRDA:22,2,0,1
BRDA:22,2,1,1
BRDA:23,3,0,15
BRDA:23,3,1,20
BRDA:23,4,0,35
BRDA:23,4,1,0
BRDA:23,5,0,35
BRDA:23,5,1,1
BRDA:39,6,0,35
BRDA:39,6,1,0
BRDA:48,7,0,1
BRDA:48,7,1,1
BRDA:49,8,0,0
BRDA:49,8,1,5
BRDA:49,9,0,5
BRDA:49,9,1,1
BRDA:63,10,0,5
BRDA:63,10,1,3
BRDA:67,11,0,1
BRDA:67,11,1,1
BRDA:68,12,0,5
BRDA:68,12,1,1
BRDA:78,13,0,1
BRDA:78,13,1,1
BRDA:79,14,0,5
BRDA:79,14,1,1
BRDA:84,15,0,1
BRDA:84,15,1,4
BRDA:89,16,0,1
BRDA:89,16,1,1
BRDA:90,17,0,5
BRDA:90,17,1,1
BRDA:108,18,0,1
BRDA:108,18,1,1
BRDA:109,19,0,0
BRDA:109,19,1,0
BRF:40
BRH:35
end_of_record
TN:
SF:src\components\ComplexComponents\ProductSelector\components\ArrowLeft.tsx
FN:1,(anonymous_0)
FNF:1
FNH:1
FNDA:15,(anonymous_0)
DA:1,15
DA:23,1
LF:2
LH:2
BRF:0
BRH:0
end_of_record
TN:
SF:src\components\ComplexComponents\ProductSelector\components\CheckBox.tsx
FN:6,(anonymous_0)
FNF:1
FNH:1
FNDA:30,(anonymous_0)
DA:6,30
DA:7,30
DA:56,1
LF:3
LH:3
BRDA:9,0,0,30
BRDA:9,0,1,28
BRDA:28,1,0,30
BRDA:28,1,1,2
BRF:4
BRH:4
end_of_record
TN:
SF:src\components\ComplexComponents\ProductSelector\components\Chevron.tsx
FN:1,(anonymous_0)
FNF:1
FNH:1
FNDA:5,(anonymous_0)
DA:1,5
DA:16,1
LF:2
LH:2
BRF:0
BRH:0
end_of_record
TN:
SF:src\components\ComplexComponents\ProductSelector\components\Search.tsx
FN:1,(anonymous_0)
FNF:1
FNH:1
FNDA:5,(anonymous_0)
DA:1,5
DA:16,1
LF:2
LH:2
BRF:0
BRH:0
end_of_record
TN:
SF:src\components\ComplexComponents\ReviewModel\index.tsx
FN:17,(anonymous_7)
FN:43,(anonymous_8)
FN:74,(anonymous_9)
FN:84,(anonymous_10)
FN:85,(anonymous_11)
FN:86,(anonymous_12)
FN:105,(anonymous_13)
FN:114,(anonymous_14)
FN:115,(anonymous_15)
FN:116,(anonymous_16)
FN:135,(anonymous_17)
FNF:11
FNH:7
FNDA:5,(anonymous_7)
FNDA:1,(anonymous_8)
FNDA:0,(anonymous_9)
FNDA:8,(anonymous_10)
FNDA:0,(anonymous_11)
FNDA:4,(anonymous_12)
FNDA:0,(anonymous_13)
FNDA:8,(anonymous_14)
FNDA:4,(anonymous_15)
FNDA:8,(anonymous_16)
FNDA:0,(anonymous_17)
DA:1,2
DA:2,2
DA:3,2
DA:4,2
DA:5,2
DA:6,2
DA:8,2
DA:9,2
DA:10,2
DA:11,2
DA:15,2
DA:17,5
DA:18,4
DA:19,4
DA:20,4
DA:21,4
DA:23,4
DA:25,4
DA:26,4
DA:28,4
DA:29,4
DA:30,4
DA:32,4
DA:43,1
DA:74,0
DA:84,8
DA:85,0
DA:86,4
DA:105,0
DA:114,8
DA:115,4
DA:116,8
DA:135,0
DA:165,2
LF:34
LH:30
BRDA:23,0,0,0
BRDA:26,1,0,0
BRDA:29,2,0,4
BRDA:29,2,1,4
BRDA:30,3,0,4
BRDA:30,3,1,4
BRDA:39,4,0,4
BRDA:39,4,1,1
BRDA:51,5,0,0
BRDA:51,5,1,4
BRDA:70,6,0,4
BRDA:70,6,1,1
BRDA:101,7,0,4
BRDA:101,7,1,1
BRDA:131,8,0,4
BRDA:131,8,1,1
BRDA:144,9,0,4
BRDA:144,9,1,0
BRDA:144,10,0,4
BRDA:144,10,1,4
BRF:20
[...]
DA:25,1
DA:33,1
DA:56,1
LF:18
LH:17
BRDA:26,0,0,1
BRDA:26,0,1,0
BRDA:27,1,0,1
BRDA:27,1,1,0
BRDA:28,2,0,1
BRDA:28,2,1,0
BRF:6
BRH:3
end_of_record
TN:
SF:src\components\SimpleComponents\TextArea\index.tsx
FN:31,(anonymous_10)
FN:58,(anonymous_11)
FN:71,(anonymous_12)
FN:76,(anonymous_13)
FN:82,(anonymous_14)
FN:87,(anonymous_15)
FN:93,(anonymous_16)
FN:97,(anonymous_17)
FNF:8
FNH:6
FNDA:172,(anonymous_10)
FNDA:21,(anonymous_11)
FNDA:4,(anonymous_12)
FNDA:0,(anonymous_13)
FNDA:0,(anonymous_14)
FNDA:16,(anonymous_15)
FNDA:16,(anonymous_16)
FNDA:37,(anonymous_17)
DA:1,8
DA:8,8
DA:10,8
DA:31,8
DA:32,172
DA:33,171
DA:34,171
DA:35,171
DA:36,171
DA:37,171
DA:38,171
DA:39,171
DA:40,171
DA:41,171
DA:42,171
DA:43,171
DA:44,171
DA:45,171
DA:46,171
DA:47,171
DA:48,171
DA:49,171
DA:50,171
DA:52,171
DA:53,171
DA:54,171
DA:55,171
DA:56,171
DA:58,171
DA:59,21
DA:60,21
DA:62,21
DA:63,21
DA:65,0
DA:68,21
DA:71,171
DA:72,4
DA:73,4
DA:76,171
DA:77,0
DA:78,0
DA:79,0
DA:82,171
DA:83,0
DA:84,0
DA:87,171
DA:88,16
DA:89,3
DA:93,171
DA:94,16
DA:97,171
DA:98,37
DA:99,37
DA:102,171
DA:147,8
LF:55
LH:49
BRDA:33,0,0,170
BRDA:33,0,1,1
BRDA:34,1,0,171
BRDA:34,1,1,0
BRDA:36,2,0,117
BRDA:36,2,1,54
BRDA:37,3,0,57
BRDA:37,3,1,114
BRDA:38,4,0,168
BRDA:38,4,1,3
BRDA:42,5,0,171
BRDA:42,5,1,0
BRDA:49,6,0,57
BRDA:49,6,1,114
BRDA:62,7,0,21
BRDA:62,7,1,0
BRDA:62,8,0,21
BRDA:62,8,1,21
BRDA:79,9,0,0
BRDA:79,9,1,0
BRDA:79,10,0,0
BRDA:79,10,1,0
BRDA:83,11,0,0
BRDA:88,12,0,3
BRDA:88,13,0,16
BRDA:88,13,1,13
BRDA:105,14,0,171
BRDA:105,14,1,106
BRDA:106,15,0,171
BRDA:106,15,1,106
BRDA:109,16,0,171
BRDA:109,16,1,57
BRDA:116,17,0,171
BRDA:116,17,1,10
BRDA:132,18,0,171
BRDA:132,18,1,119
BRDA:142,19,0,171
BRDA:142,19,1,1
BRF:38
BRH:30
end_of_record
TN:
SF:src\components\SimpleComponents\TextArea\styles.ts
FN:13,(anonymous_8)
FN:30,(anonymous_9)
FN:48,(anonymous_10)
FN:70,(anonymous_11)
FN:89,(anonymous_12)
FN:115,(anonymous_13)
FN:126,(anonymous_14)
FN:138,(anonymous_15)
FN:153,(anonymous_16)
FN:164,(anonymous_17)
FN:178,(anonymous_18)
FN:188,(anonymous_19)
FNF:12
FNH:10
FNDA:0,(anonymous_8)
FNDA:106,(anonymous_9)
FNDA:3,(anonymous_10)
FNDA:150,(anonymous_11)
FNDA:150,(anonymous_12)
FNDA:0,(anonymous_13)
FNDA:8,(anonymous_14)
FNDA:1,(anonymous_15)
FNDA:150,(anonymous_16)
FNDA:36,(anonymous_17)
FNDA:36,(anonymous_18)
FNDA:119,(anonymous_19)
DA:1,9
DA:3,9
DA:12,9
DA:13,0
DA:30,106
DA:48,3
DA:69,9
DA:70,150
DA:88,9
DA:89,150
DA:114,9
DA:115,0
DA:125,9
DA:126,8
DA:137,9
DA:138,1
DA:145,9
DA:153,150
DA:163,9
DA:164,36
DA:177,9
DA:178,36
DA:187,9
DA:188,119
LF:24
LH:22
BRDA:13,0,0,0
BRDA:13,0,1,0
BRDA:21,1,0,0
BRDA:21,1,1,0
BRDA:30,2,0,106
BRDA:30,2,1,1
BRDA:48,3,0,3
BRDA:48,3,1,1
BRDA:69,4,0,9
BRDA:69,4,1,9
BRDA:70,5,0,150
BRDA:70,5,1,3
BRDA:88,6,0,9
BRDA:88,6,1,9
BRDA:89,7,0,150
BRDA:89,7,1,3
BRDA:103,8,0,0
BRDA:103,8,1,150
BRDA:114,9,0,9
BRDA:114,9,1,9
BRDA:115,10,0,0
BRDA:115,10,1,0
BRDA:125,11,0,9
BRDA:125,11,1,9
BRDA:126,12,0,8
BRDA:126,12,1,1
BRDA:130,13,0,8
BRDA:130,13,1,0
BRDA:137,14,0,9
BRDA:137,14,1,9
BRDA:138,15,0,1
BRDA:138,15,1,1
BRDA:145,16,0,9
BRDA:145,16,1,9
BRDA:153,17,0,0
BRDA:153,17,1,150
BRDA:153,18,0,150
BRDA:153,18,1,3
BRDA:154,19,0,150
BRDA:154,19,1,0
BRDA:155,20,0,150
BRDA:155,20,1,106
BRDA:156,21,0,150
BRDA:156,21,1,3
BRDA:163,22,0,9
BRDA:163,22,1,9
BRDA:164,23,0,36
BRDA:164,23,1,1
BRDA:177,24,0,9
BRDA:177,24,1,9
BRDA:178,25,0,36
BRDA:178,25,1,1
BRDA:179,26,0,1
BRDA:179,26,1,35
BRDA:187,27,0,9
BRDA:187,27,1,9
BRDA:188,28,0,119
BRDA:188,28,1,3
BRDA:197,29,0,119
BRDA:197,29,1,104
BRDA:214,30,0,119
BRDA:214,30,1,104
BRDA:220,31,0,119
BRDA:220,31,1,3
BRDA:222,32,0,119
BRDA:222,32,1,104
BRF:66
BRH:56
end_of_record
TN:
SF:src\components\SimpleComponents\TextAreaQuestions\index.tsx
FN:32,(anonymous_10)
FN:60,(anonymous_11)
FN:73,(anonymous_12)
FN:78,(anonymous_13)
FN:84,(anonymous_14)
FN:89,(anonymous_15)
FN:95,(anonymous_16)
FN:99,(anonymous_17)
FNF:8
FNH:5
FNDA:10,(anonymous_10)
FNDA:1,(anonymous_11)
FNDA:0,(anonymous_12)
FNDA:0,(anonymous_13)
FNDA:0,(anonymous_14)
FNDA:5,(anonymous_15)
FNDA:5,(anonymous_16)
FNDA:6,(anonymous_17)
DA:1,1
DA:8,1
DA:10,1
DA:32,1
DA:33,10
DA:34,9
DA:35,9
DA:36,9
DA:37,9
DA:38,9
DA:39,9
DA:40,9
DA:41,9
DA:42,9
DA:43,9
DA:44,9
DA:45,9
DA:46,9
DA:47,9
DA:48,9
DA:49,9
DA:50,9
DA:51,9
DA:52,9
DA:54,9
DA:55,9
DA:56,9
DA:57,9
DA:58,9
DA:60,9
DA:61,1
DA:62,1
DA:64,1
DA:65,1
DA:67,0
DA:70,1
DA:73,9
DA:74,0
DA:75,0
DA:78,9
DA:79,0
DA:80,0
DA:81,0
DA:84,9
DA:85,0
DA:86,0
DA:89,9
DA:90,5
DA:91,0
DA:95,9
DA:96,5
DA:99,9
DA:100,6
DA:101,6
DA:104,9
DA:149,1
LF:56
LH:47
BRDA:33,0,0,9
BRDA:33,0,1,0
BRDA:36,1,0,9
BRDA:36,1,1,0
BRDA:37,2,0,9
BRDA:37,2,1,0
BRDA:39,3,0,9
BRDA:39,3,1,0
BRDA:40,4,0,7
BRDA:40,4,1,2
BRDA:41,5,0,9
BRDA:41,5,1,0
BRDA:45,6,0,9
BRDA:45,6,1,0
BRDA:51,7,0,9
BRDA:51,7,1,0
BRDA:64,8,0,1
BRDA:64,8,1,0
BRDA:64,9,0,1
BRDA:64,9,1,1
BRDA:81,10,0,0
BRDA:81,10,1,0
BRDA:81,11,0,0
BRDA:81,11,1,0
BRDA:85,12,0,0
BRDA:90,13,0,0
BRDA:90,14,0,5
BRDA:90,14,1,1
BRDA:107,15,0,9
BRDA:107,15,1,2
BRDA:108,16,0,9
BRDA:108,16,1,2
BRDA:111,17,0,9
BRDA:111,17,1,9
BRDA:118,18,0,9
BRDA:118,18,1,1
BRDA:133,19,0,9
BRDA:133,19,1,2
BRDA:142,20,0,9
BRDA:142,20,1,0
BRDA:144,21,0,9
BRDA:144,21,1,1
BRF:42
BRH:27
end_of_record
TN:
SF:src\components\SimpleComponents\TextAreaQuestions\styles.ts
FN:12,(anonymous_7)
FN:29,(anonymous_8)
FN:43,(anonymous_9)
FN:65,(anonymous_10)
FN:90,(anonymous_11)
FN:114,(anonymous_12)
FN:125,(anonymous_13)
FN:137,(anonymous_14)
FN:152,(anonymous_15)
FN:163,(anonymous_16)
FN:177,(anonymous_17)
FN:187,(anonymous_18)
FNF:12
FNH:10
FNDA:1,(anonymous_7)
FNDA:1,(anonymous_8)
FNDA:0,(anonymous_9)
FNDA:9,(anonymous_10)
FNDA:9,(anonymous_11)
FNDA:0,(anonymous_12)
FNDA:1,(anonymous_13)
FNDA:1,(anonymous_14)
FNDA:9,(anonymous_15)
FNDA:9,(anonymous_16)
FNDA:9,(anonymous_17)
FNDA:2,(anonymous_18)
DA:1,2
DA:11,2
DA:12,1
DA:29,1
DA:43,0
DA:64,2
DA:65,9
DA:89,2
DA:90,9
DA:113,2
DA:114,0
DA:124,2
DA:125,1
DA:136,2
DA:137,1
DA:144,2
DA:152,9
DA:162,2
DA:163,9
DA:176,2
DA:177,9
DA:186,2
DA:187,2
LF:23
LH:21
BRDA:12,0,0,1
BRDA:12,0,1,1
BRDA:20,1,0,1
BRDA:20,1,1,0
BRDA:29,2,0,1
BRDA:29,2,1,1
BRDA:43,3,0,0
BRDA:43,3,1,0
BRDA:64,4,0,2
BRDA:64,4,1,2
BRDA:65,5,0,9
BRDA:65,5,1,1
BRDA:89,6,0,2
BRDA:89,6,1,2
BRDA:90,7,0,9
BRDA:90,7,1,1
BRDA:113,8,0,2
BRDA:113,8,1,2
BRDA:114,9,0,0
BRDA:114,9,1,0
BRDA:124,10,0,2
BRDA:124,10,1,2
BRDA:125,11,0,1
BRDA:125,11,1,1
BRDA:129,12,0,1
BRDA:129,12,1,0
BRDA:136,13,0,2
BRDA:136,13,1,2
BRDA:137,14,0,1
BRDA:137,14,1,1
BRDA:144,15,0,2
BRDA:144,15,1,2
BRDA:152,16,0,0
BRDA:152,16,1,9
BRDA:152,17,0,9
BRDA:152,17,1,1
BRDA:153,18,0,9
BRDA:153,18,1,1
BRDA:154,19,0,9
BRDA:154,19,1,1
BRDA:155,20,0,9
BRDA:155,20,1,0
BRDA:162,21,0,2
BRDA:162,21,1,2
BRDA:163,22,0,9
BRDA:163,22,1,1
BRDA:176,23,0,2
BRDA:176,23,1,2
BRDA:177,24,0,9
BRDA:177,24,1,1
BRDA:178,25,0,0
BRDA:178,25,1,9
BRDA:186,26,0,2
BRDA:186,26,1,2
BRDA:187,27,0,2
BRDA:187,27,1,1
BRDA:197,28,0,2
BRDA:197,28,1,1
BRDA:214,29,0,2
BRDA:214,29,1,1
BRF:60
BRH:51
end_of_record
TN:
SF:src\components\SimpleComponents\TextField\index.tsx
FN:35,(anonymous_10)
FN:65,(anonymous_11)
FN:69,(anonymous_12)
FN:82,(anonymous_13)
FN:87,(anonymous_14)
FN:93,(anonymous_15)
FN:98,(anonymous_16)
FN:104,(anonymous_17)
FN:134,(anonymous_18)
FNF:9
FNH:7
FNDA:254,(anonymous_10)
FNDA:65,(anonymous_11)
FNDA:43,(anonymous_12)
FNDA:5,(anonymous_13)
FNDA:0,(anonymous_14)
FNDA:0,(anonymous_15)
FNDA:65,(anonymous_16)
FNDA:89,(anonymous_17)
FNDA:416,(anonymous_18)
DA:1,14
DA:10,14
DA:11,14
DA:12,14
DA:14,14
DA:35,14
DA:37,254
DA:38,244
DA:39,244
DA:40,244
DA:41,244
DA:42,244
DA:43,244
DA:44,244
DA:45,244
DA:46,244
DA:47,244
DA:48,244
DA:49,244
DA:50,244
DA:51,244
DA:52,244
DA:53,244
DA:54,244
DA:55,244
DA:56,244
DA:60,244
DA:61,244
DA:62,244
DA:63,244
DA:65,244
DA:66,65
DA:69,244
DA:70,43
DA:71,43
DA:73,43
DA:74,37
DA:76,6
DA:79,43
DA:82,244
DA:83,5
DA:84,5
DA:87,244
DA:88,0
DA:89,0
DA:90,0
DA:93,244
DA:94,0
DA:95,0
DA:98,244
DA:99,65
DA:100,21
DA:101,44
DA:104,244
DA:105,89
DA:106,89
DA:109,244
DA:135,416
DA:136,416
DA:137,0
DA:138,416
DA:139,0
DA:171,14
LF:63
LH:56
BRDA:38,0,0,201
BRDA:38,0,1,43
BRDA:40,1,0,198
BRDA:40,1,1,46
BRDA:41,2,0,59
BRDA:41,2,1,185
BRDA:43,3,0,241
BRDA:43,3,1,3
BRDA:46,4,0,202
BRDA:46,4,1,42
BRDA:51,5,0,101
BRDA:51,5,1,143
BRDA:52,6,0,93
BRDA:52,6,1,151
BRDA:73,7,0,37
BRDA:73,7,1,6
BRDA:73,8,0,43
BRDA:73,8,1,38
BRDA:90,9,0,0
BRDA:90,9,1,0
BRDA:90,10,0,0
BRDA:90,10,1,0
BRDA:94,11,0,0
BRDA:99,12,0,21
BRDA:99,12,1,44
BRDA:99,13,0,65
BRDA:99,13,1,36
BRDA:112,14,0,244
BRDA:112,14,1,127
BRDA:113,15,0,244
BRDA:113,15,1,127
BRDA:123,16,0,244
BRDA:123,16,1,54
BRDA:125,17,0,0
BRDA:125,17,1,244
BRDA:125,18,0,244
BRDA:125,18,1,244
BRDA:136,19,0,0
BRDA:136,19,1,416
BRDA:138,20,0,0
BRDA:145,21,0,244
BRDA:145,21,1,200
BRDA:158,22,0,244
BRDA:158,22,1,0
BRDA:166,23,0,244
BRDA:166,23,1,20
BRF:46
BRH:37
end_of_record
TN:
SF:src\components\SimpleComponents\TextField\styles.ts
FN:26,(anonymous_8)
FN:40,(anonymous_9)
FN:58,(anonymous_10)
FN:80,(anonymous_11)
FN:106,(anonymous_12)
FN:126,(anonymous_13)
FN:137,(anonymous_14)
FN:149,(anonymous_15)
FN:161,(anonymous_16)
FN:175,(anonymous_17)
FN:221,(anonymous_18)
FN:256,(anonymous_19)
FNF:12
FNH:10
FNDA:15,(anonymous_8)
FNDA:95,(anonymous_9)
FNDA:3,(anonymous_10)
FNDA:208,(anonymous_11)
FNDA:208,(anonymous_12)
FNDA:0,(anonymous_13)
FNDA:54,(anonymous_14)
FNDA:20,(anonymous_15)
FNDA:208,(anonymous_16)
FNDA:183,(anonymous_17)
FNDA:183,(anonymous_18)
FNDA:0,(anonymous_19)
DA:1,16
DA:3,16
DA:4,16
DA:25,16
DA:26,15
DA:40,95
DA:58,3
DA:79,16
DA:80,208
DA:105,16
DA:106,208
DA:125,16
DA:126,0
DA:136,16
DA:137,54
DA:148,16
DA:149,20
DA:155,16
DA:161,208
DA:175,16
DA:179,183
DA:183,183
DA:184,1
DA:185,0
DA:187,1
DA:188,1
DA:189,1
DA:190,1
DA:192,182
DA:193,141
DA:195,182
DA:196,182
DA:197,182
DA:198,182
DA:201,183
DA:220,16
DA:222,183
DA:223,183
DA:224,183
DA:225,183
DA:226,183
DA:227,183
DA:255,16
DA:256,0
LF:44
LH:41
BRDA:26,0,0,15
BRDA:26,0,1,2
BRDA:40,1,0,95
BRDA:40,1,1,1
BRDA:58,2,0,3
BRDA:58,2,1,1
BRDA:79,3,0,16
BRDA:79,3,1,16
BRDA:80,4,0,208
BRDA:80,4,1,10
BRDA:99,5,0,0
BRDA:99,5,1,208
BRDA:99,6,0,208
BRDA:99,6,1,2
BRDA:101,7,0,208
BRDA:101,7,1,208
BRDA:105,8,0,16
BRDA:105,8,1,16
BRDA:106,9,0,208
BRDA:106,9,1,10
BRDA:113,10,0,131
BRDA:113,10,1,77
BRDA:121,11,0,0
BRDA:121,11,1,208
BRDA:125,12,0,16
BRDA:125,12,1,16
BRDA:126,13,0,0
BRDA:126,13,1,0
BRDA:136,14,0,16
BRDA:136,14,1,16
BRDA:137,15,0,54
BRDA:137,15,1,6
BRDA:141,16,0,12
BRDA:141,16,1,42
BRDA:148,17,0,16
BRDA:148,17,1,16
BRDA:149,18,0,20
BRDA:149,18,1,5
BRDA:155,19,0,16
BRDA:155,19,1,16
BRDA:161,20,0,0
BRDA:161,20,1,208
BRDA:161,21,0,208
BRDA:161,21,1,10
BRDA:162,22,0,208
BRDA:162,22,1,15
BRDA:163,23,0,208
BRDA:163,23,1,95
BRDA:164,24,0,208
BRDA:164,24,1,3
BRDA:179,25,0,0
BRDA:183,26,0,1
BRDA:183,26,1,182
BRDA:184,27,0,1
BRDA:184,27,1,0
BRDA:184,28,0,1
BRDA:184,28,1,1
BRDA:192,29,0,41
BRDA:192,29,1,141
BRDA:192,30,0,182
BRDA:192,30,1,51
BRDA:201,31,0,183
BRDA:201,31,1,10
BRDA:209,32,0,183
BRDA:209,32,1,111
BRDA:220,33,0,16
BRDA:220,33,1,16
BRDA:225,34,0,0
BRDA:225,34,1,183
BRDA:226,35,0,0
BRDA:226,35,1,183
BRDA:227,36,0,183
BRDA:227,36,1,10
BRDA:247,37,0,183
BRDA:247,37,1,10
BRDA:255,38,0,16
BRDA:255,38,1,16
BRDA:256,39,0,0
BRDA:256,39,1,0
BRF:79
BRH:68
end_of_record
TN:
SF:src\components\SimpleComponents\ThumbImage\index.tsx
FN:15,(anonymous_14)
FN:15,(anonymous_15)
FN:19,(anonymous_17)
FN:32,(anonymous_18)
FN:36,(anonymous_19)
FNF:5
FNH:5
FNDA:2,(anonymous_14)
FNDA:2,(anonymous_15)
FNDA:20,(anonymous_17)
FNDA:13,(anonymous_18)
FNDA:4,(anonymous_19)
DA:1,7
DA:2,7
DA:3,7
DA:13,7
DA:15,7
DA:16,2
DA:19,7
DA:20,20
DA:21,19
DA:22,19
DA:23,19
DA:24,19
DA:26,19
DA:27,19
DA:29,19
DA:30,2
DA:32,19
DA:33,13
DA:34,2
DA:36,4
DA:37,2
DA:39,2
DA:40,2
DA:41,2
DA:43,2
DA:46,2
DA:49,19
DA:50,15
DA:51,15
DA:52,3
DA:55,7
LF:31
LH:31
BRDA:16,0,0,2
BRDA:16,0,1,2
BRDA:23,1,0,13
BRDA:23,1,1,6
BRDA:24,2,0,14
BRDA:24,2,1,5
BRDA:29,3,0,2
BRDA:29,4,0,19
BRDA:29,4,1,6
BRDA:29,4,2,4
BRDA:29,4,3,2
BRDA:33,5,0,11
BRDA:34,6,0,0
BRDA:40,7,0,0
BRDA:40,7,1,2
BRDA:49,8,0,4
BRDA:49,9,0,19
BRDA:49,9,1,15
BRDA:50,10,0,0
BRDA:50,11,0,15
BRDA:50,11,1,2
BRDA:50,11,2,2
BRDA:50,11,3,0
BRDA:51,12,0,12
BRDA:51,13,0,15
BRDA:51,13,1,13
BRDA:52,14,0,3
BRDA:52,14,1,2
BRF:28
BRH:24
end_of_record
TN:
SF:src\components\SimpleComponents\ThumbImage\styles.ts
FNF:0
FNH:0
DA:1,0
DA:3,0
LF:2
LH:0
BRDA:3,0,0,0
BRDA:3,0,1,0
BRF:2
BRH:0
end_of_record
TN:
SF:src\components\SimpleComponents\ToogleButton\index.tsx
FN:13,(anonymous_6)
FNF:1
FNH:1
FNDA:14,(anonymous_6)
DA:1,4
DA:2,4
DA:3,4
DA:5,4
DA:13,4
DA:14,14
DA:15,12
DA:16,12
DA:18,12
DA:20,12
DA:43,4
LF:11
LH:11
BRDA:14,0,0,12
BRDA:14,0,1,0
BRDA:15,1,0,11
BRDA:15,1,1,1
BRF:4
BRH:3
end_of_record
TN:
SF:src\components\SimpleComponents\ToogleButton\styles.ts
FN:4,(anonymous_7)
FN:17,(anonymous_8)
FN:54,(anonymous_9)
FNF:3
FNH:3
FNDA:12,(anonymous_7)
FNDA:24,(anonymous_8)
FNDA:12,(anonymous_9)
DA:1,4
DA:3,4
DA:4,12
DA:16,4
DA:17,24
DA:53,4
DA:54,12
LF:7
LH:7
BRDA:3,0,0,4
BRDA:3,0,1,4
BRDA:4,1,0,12
BRDA:4,1,1,2
BRDA:16,2,0,4
BRDA:16,2,1,4
BRDA:17,3,0,24
BRDA:17,3,1,2
BRDA:30,4,0,13
BRDA:30,4,1,11
BRDA:39,5,0,13
BRDA:39,5,1,11
BRDA:47,6,0,13
BRDA:47,6,1,11
BRDA:53,7,0,4
BRDA:53,7,1,4
BRDA:54,8,0,12
BRDA:54,8,1,2
BRF:18
BRH:18
end_of_record
TN:
SF:src\components\SimpleComponents\Tooltip\index.tsx
FN:13,(anonymous_5)
FN:28,(anonymous_6)
FN:111,(anonymous_7)
FN:145,(anonymous_8)
FN:155,(anonymous_9)
FN:158,(anonymous_10)
FN:162,(anonymous_11)
FN:166,(anonymous_12)
FN:167,(anonymous_13)
FN:172,(anonymous_14)
FN:177,(anonymous_15)
FN:181,(anonymous_16)
FNF:12
FNH:9
FNDA:61,(anonymous_5)
FNDA:59,(anonymous_6)
FNDA:181,(anonymous_7)
FNDA:244,(anonymous_8)
FNDA:2,(anonymous_9)
FNDA:0,(anonymous_10)
FNDA:0,(anonymous_11)
FNDA:102,(anonymous_12)
FNDA:0,(anonymous_13)
FNDA:102,(anonymous_14)
FNDA:119,(anonymous_15)
FNDA:220,(anonymous_16)
DA:1,13
DA:2,13
DA:3,13
DA:4,13
DA:5,13
DA:12,13
DA:13,61
DA:28,59
DA:111,181
DA:145,13
DA:146,244
DA:147,241
DA:148,241
DA:149,241
DA:150,241
DA:151,241
DA:153,241
DA:155,241
DA:156,2
DA:158,241
DA:159,0
DA:162,241
DA:163,0
DA:166,241
DA:167,102
DA:168,0
DA:170,102
DA:172,102
DA:173,102
DA:177,241
DA:178,119
DA:181,241
DA:182,220
DA:183,7
DA:189,213
DA:192,241
DA:194,61
DA:207,180
DA:221,13
LF:39
LH:36
BRDA:27,0,0,13
BRDA:27,0,1,13
BRDA:28,1,0,59
BRDA:28,1,1,6
BRDA:33,2,0,0
BRDA:33,2,1,59
BRDA:53,3,0,0
BRDA:53,3,1,59
BRDA:113,4,0,13
BRDA:113,4,1,13
BRDA:146,5,0,180
BRDA:146,5,1,61
BRDA:148,6,0,180
BRDA:148,6,1,61
BRDA:182,7,0,7
BRDA:192,8,0,61
BRDA:192,8,1,180
BRF:17
BRH:15
end_of_record
TN:
SF:src\components\SimpleComponents\Typography\index.tsx
FN:21,(anonymous_9)
FNF:1
FNH:1
FNDA:1705,(anonymous_9)
DA:3,79
DA:21,79
DA:22,1705
DA:23,1638
DA:24,1638
DA:25,1638
DA:26,1638
DA:27,1638
DA:28,1638
DA:29,1638
DA:30,1638
DA:31,1638
DA:32,1638
DA:33,1638
DA:34,1638
DA:35,1638
DA:36,1638
DA:56,79
LF:18
LH:18
BRDA:23,0,0,1518
BRDA:23,0,1,120
BRDA:24,1,0,1263
BRDA:24,1,1,375
BRDA:25,2,0,913
BRDA:25,2,1,725
BRDA:26,3,0,904
BRDA:26,3,1,734
BRDA:27,4,0,1501
BRDA:27,4,1,137
BRDA:28,5,0,1626
BRDA:28,5,1,12
BRDA:29,6,0,1396
BRDA:29,6,1,242
BRDA:30,7,0,1590
BRDA:30,7,1,48
BRDA:31,8,0,1613
BRDA:31,8,1,25
BRDA:32,9,0,1599
BRDA:32,9,1,39
BRDA:33,10,0,1627
BRDA:33,10,1,11
BRDA:51,11,0,1638
BRDA:51,11,1,0
BRF:24
BRH:23
end_of_record
TN:
SF:src\components\SimpleComponents\Typography\styles.ts
FN:6,(anonymous_8)
FN:9,(anonymous_9)
FNF:2
FNH:2
FNDA:1638,(anonymous_8)
FNDA:1638,(anonymous_9)
DA:1,80
DA:2,80
DA:6,1638
DA:10,1638
DA:11,1638
DA:12,1638
DA:13,1638
DA:14,1638
DA:15,1638
DA:16,1638
DA:17,1638
DA:18,1638
DA:19,1638
DA:20,1638
LF:14
LH:14
BRDA:8,0,0,80
BRDA:8,0,1,80
BRDA:20,1,0,1638
BRDA:20,1,1,67
BRDA:22,2,0,1638
BRDA:22,2,1,0
BRDA:22,3,0,1638
BRDA:22,3,1,1638
BRDA:23,4,0,1638
BRDA:23,4,1,0
BRDA:23,5,0,1638
BRDA:23,5,1,1638
BRDA:26,6,0,1638
BRDA:26,6,1,0
BRDA:26,7,0,1638
BRDA:26,7,1,1638
BRDA:27,8,0,1638
BRDA:27,8,1,0
BRDA:27,9,0,1638
BRDA:27,9,1,1638
BRDA:28,10,0,1638
BRDA:28,10,1,0
BRDA:28,11,0,1638
BRDA:28,11,1,1638
BRF:24
BRH:19
end_of_record
TN:
SF:src\components\SimpleComponents\UpDownButton\index.tsx
FN:12,(anonymous_6)
FNF:1
FNH:1
FNDA:80,(anonymous_6)
DA:1,6
DA:12,6
DA:13,80
DA:14,75
DA:15,75
DA:16,75
DA:17,75
DA:18,75
DA:42,6
LF:9
LH:9
BRDA:13,0,0,74
BRDA:13,0,1,1
BRDA:14,1,0,8
BRDA:14,1,1,67
BRDA:15,2,0,7
BRDA:15,2,1,68
BRDA:16,3,0,8
BRDA:16,3,1,67
BRDA:17,4,0,74
BRDA:17,4,1,1
BRF:10
BRH:10
end_of_record
TN:
SF:src\components\SimpleComponents\UpDownButton\styles.ts
FN:5,(anonymous_7)
FNF:1
FNH:1
FNDA:75,(anonymous_7)
DA:1,11
DA:4,11
DA:5,75
LF:3
LH:3
BRDA:4,0,0,11
BRDA:4,0,1,11
BRDA:5,1,0,75
BRDA:5,1,1,5
BRDA:8,2,0,75
BRDA:8,2,1,75
BRDA:10,3,0,74
BRDA:10,3,1,1
BRDA:21,4,0,15
BRDA:21,4,1,60
BRDA:27,5,0,1
BRDA:27,5,1,74
BRF:12
BRH:12
end_of_record
TN:
SF:src\components\SimpleComponents\ValidationError\index.tsx
FN:11,(anonymous_6)
FNF:1
FNH:1
FNDA:371,(anonymous_6)
DA:3,9
DA:11,9
DA:12,371
DA:13,371
DA:14,371
DA:15,371
DA:23,9
LF:7
LH:7
BRDA:17,0,0,6
BRDA:17,0,1,365
BRDA:17,1,0,371
BRDA:17,1,1,15
BRF:4
BRH:4
end_of_record
TN:
SF:src\components\SimpleComponents\ValidationError\styles.ts
FN:5,(anonymous_8)
FNF:1
FNH:1
FNDA:6,(anonymous_8)
DA:1,9
DA:2,9
DA:4,9
DA:5,6
LF:4
LH:4
BRDA:4,0,0,9
BRDA:4,0,1,9
BRDA:5,1,0,6
BRDA:5,1,1,2
BRDA:16,2,0,6
BRDA:16,2,1,2
BRF:6
BRH:6
end_of_record
TN:
SF:src\components\SimpleComponents\VerticalCard\index.tsx
FN:13,(anonymous_7)
FNF:1
FNH:1
FNDA:10,(anonymous_7)
DA:1,2
DA:2,2
DA:3,2
DA:13,2
DA:14,10
DA:15,8
DA:16,8
DA:17,8
DA:18,8
DA:19,8
DA:32,2
LF:11
LH:11
BRF:0
BRH:0
end_of_record
TN:
SF:src\components\SimpleComponents\VerticalCard\styles.ts
FN:14,(anonymous_7)
FN:50,(anonymous_8)
FN:74,(anonymous_9)
FN:95,(anonymous_10)
FNF:4
FNH:4
FNDA:8,(anonymous_7)
FNDA:8,(anonymous_8)
FNDA:8,(anonymous_9)
FNDA:8,(anonymous_10)
DA:1,2
DA:2,2
DA:3,2
DA:4,2
DA:6,2
DA:13,2
DA:14,8
DA:49,2
DA:50,8
DA:73,2
DA:74,8
DA:94,2
DA:95,8
LF:13
LH:13
BRDA:13,0,0,2
BRDA:13,0,1,2
BRDA:14,1,0,8
BRDA:14,1,1,2
BRDA:34,2,0,8
BRDA:34,2,1,2
BRDA:49,3,0,2
BRDA:49,3,1,2
BRDA:50,4,0,8
BRDA:50,4,1,2
BRDA:73,5,0,2
BRDA:73,5,1,2
BRDA:74,6,0,8
BRDA:74,6,1,2
BRDA:94,7,0,2
BRDA:94,7,1,2
BRDA:95,8,0,8
BRDA:95,8,1,2
BRF:18
BRH:18
end_of_record
TN:
SF:src\components\SimpleComponents\VideoCard\index.tsx
FN:12,(anonymous_7)
FNF:1
FNH:1
FNDA:6,(anonymous_7)
DA:1,1
DA:10,1
DA:12,6
DA:13,5
DA:30,1
LF:5
LH:5
BRF:0
BRH:0
end_of_record
TN:
SF:src\components\SimpleComponents\VideoCard\styles.ts
FN:5,(anonymous_7)
FN:17,(anonymous_8)
FNF:2
FNH:2
FNDA:5,(anonymous_7)
FNDA:5,(anonymous_8)
DA:1,1
DA:2,1
DA:4,1
DA:5,5
DA:16,1
DA:17,5
DA:32,1
DA:45,1
LF:8
LH:8
BRDA:4,0,0,1
BRDA:4,0,1,1
BRDA:5,1,0,5
BRDA:5,1,1,1
BRDA:16,2,0,1
BRDA:16,2,1,1
BRDA:17,3,0,5
BRDA:17,3,1,1
BRDA:32,4,0,1
BRDA:32,4,1,1
BRDA:45,5,0,1
BRDA:45,5,1,1
BRF:12
BRH:12
end_of_record
TN:
SF:src\components\SimpleComponents\WarningModal\index.tsx
FN:21,(anonymous_7)
FNF:1
FNH:1
FNDA:11,(anonymous_7)
DA:1,2
DA:2,2
DA:3,2
DA:5,2
DA:6,2
DA:7,2
DA:9,2
DA:11,2
DA:19,2
DA:21,2
DA:22,11
DA:23,10
DA:24,10
DA:25,10
DA:27,10
DA:28,10
DA:29,10
DA:31,9
DA:72,2
LF:19
LH:19
BRDA:22,0,0,4
BRDA:22,0,1,6
BRDA:23,1,0,0
BRDA:23,1,1,10
BRDA:29,2,0,1
BRDA:41,3,0,9
BRDA:41,3,1,8
BRDA:54,4,0,4
BRDA:54,4,1,5
BRDA:54,5,0,9
BRDA:54,5,1,9
BRF:11
BRH:10
end_of_record
TN:
SF:src\components\SimpleComponents\WarningModal\styles.ts
FN:5,(anonymous_8)
FN:23,(anonymous_9)
FN:49,(anonymous_10)
FN:61,(anonymous_11)
FN:80,(anonymous_12)
FN:91,(anonymous_13)
FNF:6
FNH:6
FNDA:9,(anonymous_8)
FNDA:9,(anonymous_9)
FNDA:9,(anonymous_10)
FNDA:9,(anonymous_11)
FNDA:9,(anonymous_12)
FNDA:9,(anonymous_13)
DA:1,2
DA:2,2
DA:4,2
DA:5,9
DA:22,2
DA:23,9
DA:48,2
DA:49,9
DA:60,2
DA:61,9
DA:79,2
DA:80,9
DA:90,2
DA:91,9
LF:14
LH:14
BRDA:4,0,0,2
BRDA:4,0,1,2
BRDA:5,1,0,9
BRDA:5,1,1,1
BRDA:22,2,0,2
BRDA:22,2,1,2
BRDA:23,3,0,9
BRDA:23,3,1,1
BRDA:39,4,0,9
BRDA:39,4,1,1
BRDA:48,5,0,2
BRDA:48,5,1,2
BRDA:49,6,0,9
BRDA:49,6,1,1
BRDA:60,7,0,2
BRDA:60,7,1,2
BRDA:61,8,0,9
BRDA:61,8,1,1
BRDA:79,9,0,2
BRDA:79,9,1,2
BRDA:80,10,0,9
BRDA:80,10,1,1
BRDA:90,11,0,2
BRDA:90,11,1,2
BRDA:91,12,0,9
BRDA:91,12,1,1
BRF:26
BRH:26
end_of_record
